Copyright 1986-2019 Xilinx, Inc. All Rights Reserved.
---------------------------------------------------------------------------------------------
| Tool Version : Vivado v.2019.2.1 (win64) Build 2729669 Thu Dec  5 04:49:17 MST 2019
| Date         : Thu May 28 17:00:40 2020
| Host         : MATSRIJKEBO7966 running 64-bit major release  (build 9200)
| Command      : report_control_sets -verbose -file design_2_wrapper_control_sets_placed.rpt
| Design       : design_2_wrapper
| Device       : xc7z020
---------------------------------------------------------------------------------------------

Control Set Information

Table of Contents
-----------------
1. Summary
2. Histogram
3. Flip-Flop Distribution
4. Detailed Control Set Information

1. Summary
----------

+----------------------------------------------------------+-------+
|                          Status                          | Count |
+----------------------------------------------------------+-------+
| Total control sets                                       |   185 |
|    Minimum number of control sets                        |   185 |
|    Addition due to synthesis replication                 |     0 |
|    Addition due to physical synthesis replication        |     0 |
| Unused register locations in slices containing registers |   539 |
+----------------------------------------------------------+-------+
* Control sets can be merged at opt_design using control_set_merge or merge_equivalent_drivers
** Run report_qor_suggestions for automated merging and remapping suggestions


2. Histogram
------------

+--------------------+-------+
|       Fanout       | Count |
+--------------------+-------+
| Total control sets |   185 |
| >= 0 to < 4        |    20 |
| >= 4 to < 6        |    36 |
| >= 6 to < 8        |     8 |
| >= 8 to < 10       |    16 |
| >= 10 to < 12      |     7 |
| >= 12 to < 14      |    10 |
| >= 14 to < 16      |     7 |
| >= 16              |    81 |
+--------------------+-------+
* Control sets can be remapped at either synth_design or opt_design


3. Flip-Flop Distribution
-------------------------

+--------------+-----------------------+------------------------+-----------------+--------------+
| Clock Enable | Synchronous Set/Reset | Asynchronous Set/Reset | Total Registers | Total Slices |
+--------------+-----------------------+------------------------+-----------------+--------------+
| No           | No                    | No                     |             300 |          135 |
| No           | No                    | Yes                    |             102 |           50 |
| No           | Yes                   | No                     |             908 |          385 |
| Yes          | No                    | No                     |            1356 |          448 |
| Yes          | No                    | Yes                    |             356 |          189 |
| Yes          | Yes                   | No                     |             711 |          227 |
+--------------+-----------------------+------------------------+-----------------+--------------+


4. Detailed Control Set Information
-----------------------------------

+-------------------------------------------------+----------------------------------------------------------------------------------------------------------------------------------------------------------------------------------------------------------------+------------------------------------------------------------------------------------------------------------------------------------------------------------------------------------------+------------------+----------------+
|                   Clock Signal                  |                                                                                                  Enable Signal                                                                                                 |                                                                                     Set/Reset Signal                                                                                     | Slice Load Count | Bel Load Count |
+-------------------------------------------------+----------------------------------------------------------------------------------------------------------------------------------------------------------------------------------------------------------------+------------------------------------------------------------------------------------------------------------------------------------------------------------------------------------------+------------------+----------------+
|  design_2_i/processing_system7_0/inst/FCLK_CLK0 |                                                                                                                                                                                                                | design_2_i/axi_smc/inst/s00_nodes/s00_aw_node/inst/s_sc_areset_pipe                                                                                                                      |                1 |              1 |
|  design_2_i/processing_system7_0/inst/FCLK_CLK0 | design_2_i/axi_smc/inst/s00_entry_pipeline/s00_si_converter/inst/converter.wrap_narrow_inst/gen_thread_loop[0].r_payld_fifo/cmd_fifo/last_pop                                                                  | design_2_i/axi_smc/inst/s00_entry_pipeline/s00_si_converter/inst/areset                                                                                                                  |                1 |              1 |
|  design_2_i/processing_system7_0/inst/FCLK_CLK0 |                                                                                                                                                                                                                | design_2_i/axi_smc/inst/s00_nodes/s00_b_node/inst/s_sc_areset_pipe                                                                                                                       |                1 |              1 |
|  design_2_i/processing_system7_0/inst/FCLK_CLK0 |                                                                                                                                                                                                                | design_2_i/axi_smc/inst/s00_nodes/s00_r_node/inst/s_sc_areset_pipe                                                                                                                       |                1 |              1 |
|  design_2_i/processing_system7_0/inst/FCLK_CLK0 |                                                                                                                                                                                                                | design_2_i/axi_smc/inst/s00_nodes/s00_w_node/inst/s_sc_areset_pipe                                                                                                                       |                1 |              1 |
|  design_2_i/processing_system7_0/inst/FCLK_CLK0 | design_2_i/axi_smc/inst/s00_entry_pipeline/s00_si_converter/inst/converter.wrap_narrow_inst/gen_thread_loop[0].r_cmd_fifo/gen_pipelined.mesg_reg[20]_i_1_n_0                                                   |                                                                                                                                                                                          |                1 |              1 |
|  design_2_i/processing_system7_0/inst/FCLK_CLK0 | design_2_i/axi_bram_ctrl_0/U0/gext_inst.abcv4_0_ext_inst/GEN_AXI4.I_FULL_AXI/I_RD_CHNL/GEN_NO_RD_CMD_OPT.I_WRAP_BRST/E[1]                                                                                      | design_2_i/axi_bram_ctrl_0/U0/gext_inst.abcv4_0_ext_inst/GEN_AXI4.I_FULL_AXI/I_WR_CHNL/I_WRAP_BRST/FSM_onehot_GEN_WDATA_SM_NO_ECC_SNG_REG_WREADY.wr_data_sng_sm_cs_reg[2][0]             |                1 |              1 |
|  design_2_i/processing_system7_0/inst/FCLK_CLK0 | design_2_i/axi_smc/inst/s00_entry_pipeline/s00_si_converter/inst/converter.wrap_narrow_inst/w_payld_fifo/cmd_fifo/last_pop                                                                                     | design_2_i/axi_smc/inst/s00_entry_pipeline/s00_si_converter/inst/areset                                                                                                                  |                1 |              1 |
|  design_2_i/processing_system7_0/inst/FCLK_CLK0 | design_2_i/axi_smc/inst/s00_entry_pipeline/s00_si_converter/inst/converter.wrap_narrow_inst/gen_thread_loop[0].r_cmd_fifo/gen_srls[20].srl_nx1/shift                                                           |                                                                                                                                                                                          |                1 |              1 |
|  design_2_i/processing_system7_0/inst/FCLK_CLK0 |                                                                                                                                                                                                                | design_2_i/axi_smc/inst/s00_nodes/s00_ar_node/inst/s_sc_areset_pipe                                                                                                                      |                1 |              1 |
|  design_2_i/processing_system7_0/inst/FCLK_CLK0 | design_2_i/axi_bram_ctrl_0/U0/gext_inst.abcv4_0_ext_inst/GEN_AXI4.I_FULL_AXI/GEN_ARB.I_SNG_PORT/ar_active_re                                                                                                   | design_2_i/axi_bram_ctrl_0/U0/gext_inst.abcv4_0_ext_inst/GEN_AXI4.I_FULL_AXI/I_RD_CHNL/GEN_NO_RD_CMD_OPT.I_WRAP_BRST/ACTIVE_LOW_PR_OUT_DFF[0].FDRE_PER_N                                 |                1 |              1 |
|  design_2_i/processing_system7_0/inst/FCLK_CLK0 | design_2_i/axi_smc/inst/s00_entry_pipeline/s00_si_converter/inst/converter.wrap_narrow_inst/w_cmd_fifo/gen_srls[15].srl_nx1/shift                                                                              |                                                                                                                                                                                          |                1 |              1 |
|  design_2_i/processing_system7_0/inst/FCLK_CLK0 | design_2_i/axi_smc/inst/s00_entry_pipeline/s00_si_converter/inst/converter.wrap_narrow_inst/w_cmd_fifo/gen_pipelined.mesg_reg[15]_i_1_n_0                                                                      |                                                                                                                                                                                          |                1 |              1 |
|  design_2_i/processing_system7_0/inst/FCLK_CLK0 | design_2_i/axi_smc/inst/m00_exit_pipeline/m00_exit/inst/exit_inst/gen_w_cmd_fifo.w_cmd_fifo/gen_srls[1].srl_nx1/shift                                                                                          |                                                                                                                                                                                          |                1 |              1 |
|  design_2_i/processing_system7_0/inst/FCLK_CLK0 | design_2_i/axi_smc/inst/m00_exit_pipeline/m00_exit/inst/splitter_inst/gen_axi3.splitter_inst/gen_rsplitter.gen_rthread_loop[0].r_split_fifo/gen_srls[0].srl_nx1/shift                                          |                                                                                                                                                                                          |                1 |              1 |
|  design_2_i/processing_system7_0/inst/FCLK_CLK0 | design_2_i/axi_smc/inst/m00_exit_pipeline/m00_exit/inst/splitter_inst/gen_axi3.splitter_inst/gen_wsplitter.gen_wthread_loop[0].b_split_fifo/gen_srls[0].srl_nx1/shift                                          |                                                                                                                                                                                          |                1 |              1 |
|  design_2_i/processing_system7_0/inst/FCLK_CLK0 | design_2_i/axi_full2lite_conver_0/U0/axi_full2lite_rd_cntrl_inst/s_axi_rid[0]_i_1_n_0                                                                                                                          |                                                                                                                                                                                          |                1 |              2 |
|  design_2_i/processing_system7_0/inst/FCLK_CLK0 | design_2_i/axi_interconnect_0/s00_couplers/auto_pc/inst/gen_axilite.gen_b2s_conv.axilite_b2s/WR.b_channel_0/bid_fifo_0/bresp_push                                                                              |                                                                                                                                                                                          |                1 |              2 |
|  design_2_i/processing_system7_0/inst/FCLK_CLK0 | design_2_i/axi_smc/inst/s00_entry_pipeline/s00_si_converter/inst/gen_normal.splitter_inst/gen_no_wsplitter.gen_endpoint_woffset.gen_wbypass_offset_fifo.wbypass_offset_fifo/gen_pipelined.mesg_reg[13]_i_1_n_0 |                                                                                                                                                                                          |                1 |              3 |
|  design_2_i/processing_system7_0/inst/FCLK_CLK0 | design_2_i/axi_smc/inst/s00_entry_pipeline/s00_si_converter/inst/gen_normal.splitter_inst/gen_no_wsplitter.gen_endpoint_woffset.gen_wbypass_offset_fifo.wbypass_offset_fifo/gen_srls[13].srl_nx1/shift         |                                                                                                                                                                                          |                1 |              3 |
|  design_2_i/processing_system7_0/inst/FCLK_CLK0 | design_2_i/axi_gpio_0/U0/AXI_LITE_IPIF_I/I_SLAVE_ATTACHMENT/bus2ip_addr_i[8]_i_1_n_0                                                                                                                           | design_2_i/axi_gpio_0/U0/AXI_LITE_IPIF_I/I_SLAVE_ATTACHMENT/SS[0]                                                                                                                        |                1 |              4 |
|  design_2_i/processing_system7_0/inst/FCLK_CLK0 |                                                                                                                                                                                                                | design_2_i/axi_interconnect_0/s00_couplers/auto_pc/inst/gen_axilite.gen_b2s_conv.axilite_b2s/SI_REG/aw.aw_pipe/aresetn_d_reg[0]_0                                                        |                4 |              4 |
|  design_2_i/processing_system7_0/inst/FCLK_CLK0 | design_2_i/axi_gpio_0/U0/AXI_LITE_IPIF_I/I_SLAVE_ATTACHMENT/start2                                                                                                                                             | design_2_i/axi_gpio_0/U0/AXI_LITE_IPIF_I/I_SLAVE_ATTACHMENT/I_DECODER/cs_ce_clr                                                                                                          |                1 |              4 |
|  design_2_i/processing_system7_0/inst/FCLK_CLK0 | design_2_i/cpu_0/U0/mlite_cpu_inst/neqOp                                                                                                                                                                       | design_2_i/cpu_0/U0/gen_cache.cache_cntrl_inst/reset_in                                                                                                                                  |                1 |              4 |
|  design_2_i/processing_system7_0/inst/FCLK_CLK0 | design_2_i/axi_smc/inst/s00_entry_pipeline/s00_si_converter/inst/converter.wrap_narrow_inst/w_payld_fifo/cmd_fifo/fifoaddr[3]_i_1__1_n_0                                                                       | design_2_i/axi_smc/inst/s00_entry_pipeline/s00_si_converter/inst/areset                                                                                                                  |                1 |              4 |
|  design_2_i/processing_system7_0/inst/FCLK_CLK0 | design_2_i/cpu_0/U0/mlite_cpu_inst/u2_mem_ctrl/replace_write_enables                                                                                                                                           | design_2_i/cpu_0/U0/mlite_cpu_inst/u2_mem_ctrl/mem_prepared_reg                                                                                                                          |                1 |              4 |
|  design_2_i/processing_system7_0/inst/FCLK_CLK0 | design_2_i/axi_smc/inst/s00_entry_pipeline/s00_si_converter/inst/converter.wrap_narrow_inst/gen_thread_loop[0].r_payld_fifo/cmd_fifo/fifoaddr[3]_i_1__4_n_0                                                    | design_2_i/axi_smc/inst/s00_entry_pipeline/s00_si_converter/inst/areset                                                                                                                  |                1 |              4 |
|  design_2_i/processing_system7_0/inst/FCLK_CLK0 | design_2_i/axi_smc/inst/s00_entry_pipeline/s00_si_converter/inst/gen_normal.splitter_inst/gen_no_wsplitter.gen_endpoint_woffset.gen_wbypass_offset_fifo.wbypass_offset_fifo/fifoaddr[3]_i_1_n_0                | design_2_i/axi_smc/inst/s00_entry_pipeline/s00_si_converter/inst/areset                                                                                                                  |                1 |              4 |
|  design_2_i/processing_system7_0/inst/FCLK_CLK0 | design_2_i/axi_smc/inst/s00_entry_pipeline/s00_transaction_regulator/inst/gen_endpoint.gen_w_singleorder.w_singleorder/gen_id_fifo.singleorder_fifo/fifoaddr[3]_i_1_n_0                                        | design_2_i/axi_smc/inst/s00_entry_pipeline/s00_transaction_regulator/inst/areset                                                                                                         |                1 |              4 |
|  design_2_i/processing_system7_0/inst/FCLK_CLK0 | design_2_i/axi_bram_ctrl_0/U0/gext_inst.abcv4_0_ext_inst/GEN_AXI4.I_FULL_AXI/I_RD_CHNL/FSM_sequential_GEN_NO_RD_CMD_OPT.rd_data_sm_cs[3]_i_1_n_0                                                               | design_2_i/axi_bram_ctrl_0/U0/gext_inst.abcv4_0_ext_inst/GEN_AXI4.I_FULL_AXI/I_RD_CHNL/GEN_NO_RD_CMD_OPT.I_WRAP_BRST/ACTIVE_LOW_PR_OUT_DFF[0].FDRE_PER_N                                 |                3 |              4 |
|  design_2_i/processing_system7_0/inst/FCLK_CLK0 | design_2_i/xadc_wiz_0/U0/AXI_XADC_CORE_I/D[6]                                                                                                                                                                  | design_2_i/xadc_wiz_0/U0/AXI_LITE_IPIF_I/I_SLAVE_ATTACHMENT/reset2ip_reset                                                                                                               |                2 |              4 |
|  design_2_i/processing_system7_0/inst/FCLK_CLK0 |                                                                                                                                                                                                                | design_2_i/proc_sys_reset_0/U0/EXT_LPF/lpf_int                                                                                                                                           |                3 |              4 |
|  design_2_i/processing_system7_0/inst/FCLK_CLK0 | design_2_i/axi_smc/inst/s00_entry_pipeline/s00_si_converter/inst/converter.wrap_narrow_inst/gen_thread_loop[0].r_cmd_fifo/fifoaddr[3]_i_1__5_n_0                                                               | design_2_i/axi_smc/inst/s00_entry_pipeline/s00_si_converter/inst/areset                                                                                                                  |                1 |              4 |
|  design_2_i/processing_system7_0/inst/FCLK_CLK0 | design_2_i/axi_bram_ctrl_0/U0/gext_inst.abcv4_0_ext_inst/GEN_AXI4.I_FULL_AXI/I_WR_CHNL/GEN_WRDATA[31].bram_wrdata_int[31]_i_1_n_0                                                                              | design_2_i/axi_bram_ctrl_0/U0/gext_inst.abcv4_0_ext_inst/GEN_AXI4.I_FULL_AXI/I_WR_CHNL/GEN_WR_NO_ECC.bram_we_int[3]_i_1_n_0                                                              |                1 |              4 |
|  design_2_i/processing_system7_0/inst/FCLK_CLK0 | design_2_i/axi_smc/inst/s00_entry_pipeline/s00_si_converter/inst/converter.wrap_narrow_inst/ar_reg_slice/E[0]                                                                                                  | design_2_i/axi_smc/inst/s00_entry_pipeline/s00_si_converter/inst/areset                                                                                                                  |                2 |              4 |
|  design_2_i/processing_system7_0/inst/FCLK_CLK0 | design_2_i/axi_smc/inst/s00_entry_pipeline/s00_transaction_regulator/inst/gen_endpoint.gen_r_singleorder.r_singleorder/gen_id_fifo.singleorder_fifo/fifoaddr[3]_i_1__0_n_0                                     | design_2_i/axi_smc/inst/s00_entry_pipeline/s00_transaction_regulator/inst/areset                                                                                                         |                2 |              4 |
|  design_2_i/processing_system7_0/inst/FCLK_CLK0 |                                                                                                                                                                                                                | design_2_i/axi_gpio_0/U0/AXI_LITE_IPIF_I/I_SLAVE_ATTACHMENT/clear                                                                                                                        |                1 |              4 |
|  design_2_i/processing_system7_0/inst/FCLK_CLK0 | design_2_i/axi_smc/inst/s00_entry_pipeline/s00_si_converter/inst/converter.wrap_narrow_inst/w_cmd_fifo/fifoaddr[3]_i_1__0_n_0                                                                                  | design_2_i/axi_smc/inst/s00_entry_pipeline/s00_si_converter/inst/areset                                                                                                                  |                1 |              4 |
|  design_2_i/processing_system7_0/inst/FCLK_CLK0 | design_2_i/axi_smc/inst/m00_exit_pipeline/m00_exit/inst/exit_inst/gen_r_cmd_fifo.r_cmd_fifo/fifoaddr[3]_i_1__3_n_0                                                                                             | design_2_i/axi_smc/inst/m00_exit_pipeline/m00_exit/inst/areset                                                                                                                           |                1 |              4 |
|  design_2_i/processing_system7_0/inst/FCLK_CLK0 |                                                                                                                                                                                                                | design_2_i/axi_interconnect_0/s00_couplers/auto_pc/inst/gen_axilite.gen_b2s_conv.axilite_b2s/SI_REG/ar.ar_pipe/aresetn_d_reg[1]_inv_0                                                    |                4 |              4 |
|  design_2_i/processing_system7_0/inst/FCLK_CLK0 | design_2_i/axi_smc/inst/m00_exit_pipeline/m00_exit/inst/exit_inst/gen_w_cmd_fifo.w_cmd_fifo/fifoaddr[3]_i_1__2_n_0                                                                                             | design_2_i/axi_smc/inst/m00_exit_pipeline/m00_exit/inst/areset                                                                                                                           |                1 |              4 |
|  design_2_i/processing_system7_0/inst/FCLK_CLK0 |                                                                                                                                                                                                                | design_2_i/axi_smc/inst/clk_map/psr_aclk/U0/EXT_LPF/lpf_int                                                                                                                              |                1 |              4 |
|  design_2_i/processing_system7_0/inst/FCLK_CLK0 | design_2_i/axi_smc/inst/s00_entry_pipeline/s00_si_converter/inst/converter.wrap_narrow_inst/w_payld_fifo/w_accum_continue_d                                                                                    | design_2_i/axi_smc/inst/s00_entry_pipeline/s00_si_converter/inst/areset                                                                                                                  |                1 |              4 |
|  design_2_i/processing_system7_0/inst/FCLK_CLK0 | design_2_i/axi_smc/inst/m00_exit_pipeline/m00_exit/inst/splitter_inst/gen_axi3.splitter_inst/gen_rsplitter.gen_rthread_loop[0].r_split_fifo/fifoaddr[3]_i_1__1_n_0                                             | design_2_i/axi_smc/inst/m00_exit_pipeline/m00_exit/inst/areset                                                                                                                           |                1 |              4 |
|  design_2_i/processing_system7_0/inst/FCLK_CLK0 | design_2_i/cpu_0/U0/cpu_axi_wr_cntrl_inst/cntrl_fifo[0][3]_i_2_n_0                                                                                                                                             | design_2_i/cpu_0/U0/cpu_axi_wr_cntrl_inst/cntrl_fifo[0][3]_i_1_n_0                                                                                                                       |                1 |              4 |
|  design_2_i/processing_system7_0/inst/FCLK_CLK0 | design_2_i/axi_smc/inst/m00_exit_pipeline/m00_exit/inst/splitter_inst/gen_axi3.splitter_inst/gen_wsplitter.gen_wthread_loop[0].b_split_fifo/fifoaddr[3]_i_1__0_n_0                                             | design_2_i/axi_smc/inst/m00_exit_pipeline/m00_exit/inst/areset                                                                                                                           |                2 |              4 |
|  design_2_i/processing_system7_0/inst/FCLK_CLK0 | design_2_i/axi_smc/inst/m00_exit_pipeline/m00_exit/inst/splitter_inst/gen_axi3.splitter_inst/gen_wsplitter.w_split_fifo/fifoaddr[3]_i_1_n_0                                                                    | design_2_i/axi_smc/inst/m00_exit_pipeline/m00_exit/inst/areset                                                                                                                           |                1 |              4 |
|  design_2_i/processing_system7_0/inst/FCLK_CLK0 |                                                                                                                                                                                                                | design_2_i/axi_full2lite_conver_0/U0/axi_full2lite_wr_cntrl_inst/p_0_in                                                                                                                  |                4 |              5 |
|  design_2_i/processing_system7_0/inst/FCLK_CLK0 | design_2_i/axi_interconnect_0/s00_couplers/auto_pc/inst/gen_axilite.gen_b2s_conv.axilite_b2s/RD.r_channel_0/transaction_fifo_0/cnt_read[4]_i_1__0_n_0                                                          | design_2_i/axi_interconnect_0/s00_couplers/auto_pc/inst/gen_axilite.gen_b2s_conv.axilite_b2s/areset_d1                                                                                   |                1 |              5 |
|  design_2_i/processing_system7_0/inst/FCLK_CLK0 | design_2_i/axi_smc/inst/s00_entry_pipeline/s00_si_converter/inst/converter.wrap_narrow_inst/w_payld_fifo/fifoaddr[4]_i_1_n_0                                                                                   | design_2_i/axi_smc/inst/s00_entry_pipeline/s00_si_converter/inst/areset                                                                                                                  |                4 |              5 |
|  design_2_i/processing_system7_0/inst/FCLK_CLK0 | design_2_i/axi_interconnect_0/s00_couplers/auto_pc/inst/gen_axilite.gen_b2s_conv.axilite_b2s/RD.r_channel_0/transaction_fifo_0/E[0]                                                                            | design_2_i/axi_interconnect_0/s00_couplers/auto_pc/inst/gen_axilite.gen_b2s_conv.axilite_b2s/areset_d1                                                                                   |                2 |              5 |
|  design_2_i/processing_system7_0/inst/FCLK_CLK0 | design_2_i/axi_smc/inst/s00_entry_pipeline/s00_si_converter/inst/converter.wrap_narrow_inst/gen_thread_loop[0].r_payld_fifo/fifoaddr[4]_i_1__0_n_0                                                             | design_2_i/axi_smc/inst/s00_entry_pipeline/s00_si_converter/inst/areset                                                                                                                  |                3 |              5 |
|  design_2_i/processing_system7_0/inst/FCLK_CLK0 | design_2_i/axi_smc/inst/m00_exit_pipeline/m00_exit/inst/splitter_inst/gen_axi3.splitter_inst/gen_wsplitter.gen_wthread_loop[0].b_split_fifo/E[0]                                                               | design_2_i/axi_smc/inst/m00_exit_pipeline/m00_exit/inst/areset                                                                                                                           |                2 |              5 |
|  design_2_i/processing_system7_0/inst/FCLK_CLK0 | design_2_i/axi_smc/inst/m00_exit_pipeline/m00_exit/inst/splitter_inst/gen_axi3.splitter_inst/gen_wsplitter.w_split_fifo/gen_srls[4].srl_nx1/shift                                                              |                                                                                                                                                                                          |                2 |              5 |
|  design_2_i/processing_system7_0/inst/FCLK_CLK0 | design_2_i/axi_smc/inst/m00_exit_pipeline/m00_exit/inst/splitter_inst/gen_axi3.splitter_inst/gen_wsplitter.w_split_fifo/gen_pipelined.mesg_reg[4]_i_1__0_n_0                                                   |                                                                                                                                                                                          |                2 |              5 |
|  design_2_i/processing_system7_0/inst/FCLK_CLK0 | design_2_i/axi_smc/inst/m00_exit_pipeline/m00_exit/inst/splitter_inst/gen_axi3.splitter_inst/ar_cmd_reg/E[0]                                                                                                   | design_2_i/axi_smc/inst/m00_exit_pipeline/m00_exit/inst/areset                                                                                                                           |                2 |              5 |
|  design_2_i/processing_system7_0/inst/FCLK_CLK0 | design_2_i/axi_smc/inst/m00_exit_pipeline/m00_exit/inst/splitter_inst/gen_axi3.splitter_inst/aw_cmd_reg/m_vector_i[1144]_i_1_n_0                                                                               | design_2_i/axi_smc/inst/m00_exit_pipeline/m00_exit/inst/splitter_inst/gen_axi3.splitter_inst/aw_cmd_reg/m_vector_i[146]_i_1_n_0                                                          |                3 |              6 |
|  design_2_i/processing_system7_0/inst/FCLK_CLK0 |                                                                                                                                                                                                                | design_2_i/crossbar_wrap_0/U0/crossbar_inst/plasoc_crossbar_axi4_read_cntrl_inst/ACTIVE_LOW_PR_OUT_DFF[0].FDRE_PER_N                                                                     |                5 |              6 |
|  design_2_i/processing_system7_0/inst/FCLK_CLK0 |                                                                                                                                                                                                                | design_2_i/axi_smc/inst/s00_entry_pipeline/s00_transaction_regulator/inst/areset                                                                                                         |                3 |              6 |
|  design_2_i/processing_system7_0/inst/FCLK_CLK0 | design_2_i/axi_smc/inst/m00_exit_pipeline/m00_exit/inst/splitter_inst/gen_axi3.splitter_inst/ar_cmd_reg/m_vector_i[1144]_i_1__0_n_0                                                                            | design_2_i/axi_smc/inst/m00_exit_pipeline/m00_exit/inst/splitter_inst/gen_axi3.splitter_inst/ar_cmd_reg/m_vector_i[146]_i_1__0_n_0                                                       |                3 |              6 |
|  design_2_i/processing_system7_0/inst/FCLK_CLK0 | design_2_i/axi_smc/inst/s00_entry_pipeline/s00_si_converter/inst/converter.wrap_narrow_inst/w_cmd_fifo/w_accum_continue1                                                                                       |                                                                                                                                                                                          |                3 |              6 |
|  design_2_i/processing_system7_0/inst/FCLK_CLK0 | design_2_i/axi_smc/inst/clk_map/psr_aclk/U0/SEQ/seq_cnt_en                                                                                                                                                     | design_2_i/axi_smc/inst/clk_map/psr_aclk/U0/SEQ/SEQ_COUNTER/clear                                                                                                                        |                1 |              6 |
|  design_2_i/processing_system7_0/inst/FCLK_CLK0 | design_2_i/proc_sys_reset_0/U0/SEQ/seq_cnt_en                                                                                                                                                                  | design_2_i/proc_sys_reset_0/U0/SEQ/SEQ_COUNTER/clear                                                                                                                                     |                1 |              6 |
|  design_2_i/processing_system7_0/inst/FCLK_CLK0 |                                                                                                                                                                                                                | design_2_i/xadc_wiz_0/U0/AXI_LITE_IPIF_I/I_SLAVE_ATTACHMENT/dpto_cnt0                                                                                                                    |                2 |              7 |
|  design_2_i/processing_system7_0/inst/FCLK_CLK0 | design_2_i/axi_smc/inst/s00_nodes/s00_b_node/inst/inst_mi_handler/gen_normal_area.inst_fifo_node_payld/gen_xpm_memory_fifo.inst_fifo/wr_wea                                                                    |                                                                                                                                                                                          |                1 |              8 |
|  design_2_i/processing_system7_0/inst/FCLK_CLK0 | design_2_i/axi_smc/inst/s00_entry_pipeline/s00_si_converter/inst/converter.wrap_narrow_inst/w_payld_fifo/w_subst_mask_reg[3][2]                                                                                |                                                                                                                                                                                          |                3 |              8 |
|  design_2_i/processing_system7_0/inst/FCLK_CLK0 | design_2_i/axi_bram_ctrl_0/U0/gext_inst.abcv4_0_ext_inst/GEN_AXI4.I_FULL_AXI/I_RD_CHNL/GEN_NO_RD_CMD_OPT.brst_cnt[7]_i_1_n_0                                                                                   | design_2_i/axi_bram_ctrl_0/U0/gext_inst.abcv4_0_ext_inst/GEN_AXI4.I_FULL_AXI/I_RD_CHNL/GEN_NO_RD_CMD_OPT.I_WRAP_BRST/ACTIVE_LOW_PR_OUT_DFF[0].FDRE_PER_N                                 |                3 |              8 |
|  design_2_i/processing_system7_0/inst/FCLK_CLK0 | design_2_i/axi_smc/inst/s00_entry_pipeline/s00_si_converter/inst/converter.wrap_narrow_inst/gen_thread_loop[0].r_payld_fifo/E[0]                                                                               | design_2_i/axi_smc/inst/s00_entry_pipeline/s00_si_converter/inst/areset                                                                                                                  |                4 |              8 |
|  design_2_i/processing_system7_0/inst/FCLK_CLK0 | design_2_i/cpu_0/U0/mlite_cpu_inst/u2_mem_ctrl/address_reg_reg[3]_0[0]                                                                                                                                         | design_2_i/cpu_0/U0/gen_cache.cache_cntrl_inst/reset_in                                                                                                                                  |                2 |              8 |
|  design_2_i/processing_system7_0/inst/FCLK_CLK0 | design_2_i/axi_smc/inst/s00_entry_pipeline/s00_si_converter/inst/converter.wrap_narrow_inst/w_cmd_fifo/E[0]                                                                                                    | design_2_i/axi_smc/inst/s00_entry_pipeline/s00_si_converter/inst/areset                                                                                                                  |                3 |              8 |
|  design_2_i/processing_system7_0/inst/FCLK_CLK0 | design_2_i/axi_interconnect_0/s00_couplers/auto_pc/inst/gen_axilite.gen_b2s_conv.axilite_b2s/WR.b_channel_0/mhandshake_r                                                                                       | design_2_i/axi_interconnect_0/s00_couplers/auto_pc/inst/gen_axilite.gen_b2s_conv.axilite_b2s/WR.b_channel_0/bid_fifo_0/SR[0]                                                             |                3 |              8 |
|  design_2_i/processing_system7_0/inst/FCLK_CLK0 | design_2_i/uart_0/U0/uart_axi_wr_cntrl_inst/uart_fifo_inst/E[0]                                                                                                                                                | design_2_i/uart_0/U0/uart_core_inst/ACTIVE_LOW_PR_OUT_DFF[0].FDRE_PER_N                                                                                                                  |                1 |              8 |
|  design_2_i/processing_system7_0/inst/FCLK_CLK0 | design_2_i/uart_0/U0/uart_axi_wr_cntrl_inst/uart_fifo_inst/E[1]                                                                                                                                                | design_2_i/uart_0/U0/uart_core_inst/ACTIVE_LOW_PR_OUT_DFF[0].FDRE_PER_N                                                                                                                  |                2 |              8 |
|  design_2_i/processing_system7_0/inst/FCLK_CLK0 | design_2_i/axi_smc/inst/s00_entry_pipeline/s00_si_converter/inst/converter.wrap_narrow_inst/w_payld_fifo/w_subst_mask_reg[3][1]                                                                                |                                                                                                                                                                                          |                3 |              8 |
|  design_2_i/processing_system7_0/inst/FCLK_CLK0 | design_2_i/axi_smc/inst/s00_nodes/s00_b_node/inst/inst_mi_handler/gen_normal_area.inst_fifo_node_payld/gen_xpm_memory_fifo.inst_fifo/gen_mem_rep[0].inst_rd_addrb/rd_addrb_incr                                | design_2_i/axi_smc/inst/s00_nodes/s00_b_node/inst/inst_mi_handler/m_sc_areset_r                                                                                                          |                3 |              8 |
|  design_2_i/processing_system7_0/inst/FCLK_CLK0 | design_2_i/axi_smc/inst/s00_entry_pipeline/s00_si_converter/inst/converter.wrap_narrow_inst/w_payld_fifo/cmd_fifo/E[0]                                                                                         | design_2_i/axi_smc/inst/s00_entry_pipeline/s00_si_converter/inst/areset                                                                                                                  |                4 |              9 |
|  design_2_i/processing_system7_0/inst/FCLK_CLK0 | design_2_i/axi_smc/inst/s00_entry_pipeline/s00_si_converter/inst/converter.wrap_narrow_inst/w_payld_fifo/w_subst_mask_reg[0]                                                                                   | design_2_i/axi_smc/inst/s00_entry_pipeline/s00_si_converter/inst/converter.wrap_narrow_inst/w_payld_fifo/cmd_wvalid_d_reg                                                                |                3 |              9 |
|  design_2_i/processing_system7_0/inst/FCLK_CLK0 | design_2_i/axi_smc/inst/s00_entry_pipeline/s00_si_converter/inst/converter.wrap_narrow_inst/gen_thread_loop[0].r_payld_fifo/cmd_fifo/E[0]                                                                      | design_2_i/axi_smc/inst/s00_entry_pipeline/s00_si_converter/inst/areset                                                                                                                  |                4 |              9 |
|  design_2_i/processing_system7_0/inst/FCLK_CLK0 | design_2_i/axi_smc/inst/s00_entry_pipeline/s00_si_converter/inst/converter.wrap_narrow_inst/w_payld_fifo/w_subst_mask_reg[3][0]                                                                                |                                                                                                                                                                                          |                3 |              9 |
|  design_2_i/processing_system7_0/inst/FCLK_CLK0 | design_2_i/axi_smc/inst/m00_exit_pipeline/m00_exit/inst/splitter_inst/gen_axi3.splitter_inst/gen_wsplitter.w_split_fifo/E[0]                                                                                   | design_2_i/axi_smc/inst/m00_exit_pipeline/m00_exit/inst/areset                                                                                                                           |                4 |              9 |
|  design_2_i/processing_system7_0/inst/FCLK_CLK0 | design_2_i/axi_bram_ctrl_0/U0/gext_inst.abcv4_0_ext_inst/GEN_AXI4.I_FULL_AXI/I_RD_CHNL/GEN_NO_RD_CMD_OPT.I_WRAP_BRST/E[0]                                                                                      | design_2_i/axi_bram_ctrl_0/U0/gext_inst.abcv4_0_ext_inst/GEN_AXI4.I_FULL_AXI/I_WR_CHNL/I_WRAP_BRST/FSM_onehot_GEN_WDATA_SM_NO_ECC_SNG_REG_WREADY.wr_data_sng_sm_cs_reg[2][0]             |                4 |             10 |
|  design_2_i/processing_system7_0/inst/FCLK_CLK0 | design_2_i/cpu_0/U0/mlite_cpu_inst/u2_mem_ctrl/ACTIVE_LOW_PR_OUT_DFF[0].FDRE_PER_N                                                                                                                             | design_2_i/cpu_0/U0/gen_cache.cache_cntrl_inst/mem_rd_addr[31]_i_1_n_0                                                                                                                   |                2 |             10 |
|  design_2_i/processing_system7_0/inst/FCLK_CLK0 | design_2_i/cpu_0/U0/mlite_cpu_inst/u2_mem_ctrl/mem_prepared_reg_0                                                                                                                                              | design_2_i/cpu_0/U0/mlite_cpu_inst/u2_mem_ctrl/mem_wr_addr[20]_i_1_0                                                                                                                     |                2 |             10 |
|  design_2_i/processing_system7_0/inst/FCLK_CLK0 | design_2_i/axi_smc/inst/s00_entry_pipeline/s00_si_converter/inst/converter.wrap_narrow_inst/gen_thread_loop[0].r_payld_fifo/gen_thread_loop[0].rlast_i_reg[0][0]                                               | design_2_i/axi_smc/inst/s00_entry_pipeline/s00_si_converter/inst/areset                                                                                                                  |                6 |             10 |
|  design_2_i/processing_system7_0/inst/FCLK_CLK0 | design_2_i/uart_0/U0/uart_core_inst/uart_tx_data_vec[6]_i_1_n_0                                                                                                                                                | design_2_i/uart_0/U0/uart_core_inst/ACTIVE_LOW_PR_OUT_DFF[0].FDRE_PER_N                                                                                                                  |                3 |             10 |
|  design_2_i/processing_system7_0/inst/FCLK_CLK0 |                                                                                                                                                                                                                | design_2_i/axi_interconnect_0/s00_couplers/auto_pc/inst/gen_axilite.gen_b2s_conv.axilite_b2s/areset_d1                                                                                   |                5 |             10 |
|  design_2_i/processing_system7_0/inst/FCLK_CLK0 |                                                                                                                                                                                                                | design_2_i/axi_interconnect_0/xbar/inst/gen_sasd.crossbar_sasd_0/addr_arbiter_inst/SR[0]                                                                                                 |                3 |             11 |
|  design_2_i/processing_system7_0/inst/FCLK_CLK0 | design_2_i/axi_smc/inst/s00_nodes/s00_r_node/inst/inst_si_handler/inst_arb_stall_late/s_sc_valid                                                                                                               | design_2_i/axi_smc/inst/s00_nodes/s00_r_node/inst/inst_mi_handler/areset_r                                                                                                               |                5 |             12 |
|  design_2_i/processing_system7_0/inst/FCLK_CLK0 | design_2_i/axi_smc/inst/s00_nodes/s00_w_node/inst/inst_si_handler/inst_arb_stall_late/s_sc_valid                                                                                                               | design_2_i/axi_smc/inst/s00_nodes/s00_w_node/inst/inst_mi_handler/areset_r                                                                                                               |                6 |             12 |
|  design_2_i/processing_system7_0/inst/FCLK_CLK0 | design_2_i/axi_interconnect_0/s00_couplers/auto_pc/inst/gen_axilite.gen_b2s_conv.axilite_b2s/RD.ar_channel_0/ar_cmd_fsm_0/sel_first_reg[0]                                                                     |                                                                                                                                                                                          |                2 |             12 |
|  design_2_i/processing_system7_0/inst/FCLK_CLK0 | design_2_i/axi_interconnect_0/s00_couplers/auto_pc/inst/gen_axilite.gen_b2s_conv.axilite_b2s/WR.aw_channel_0/cmd_translator_0/incr_cmd_0/axaddr_incr[11]_i_1_n_0                                               |                                                                                                                                                                                          |                3 |             12 |
|  design_2_i/processing_system7_0/inst/FCLK_CLK0 | design_2_i/axi_interconnect_0/s00_couplers/auto_pc/inst/gen_axilite.gen_b2s_conv.axilite_b2s/WR.aw_channel_0/aw_cmd_fsm_0/state_reg[1]_3[0]                                                                    |                                                                                                                                                                                          |                6 |             12 |
|  design_2_i/processing_system7_0/inst/FCLK_CLK0 | design_2_i/axi_interconnect_0/s00_couplers/auto_pc/inst/gen_axilite.gen_b2s_conv.axilite_b2s/RD.ar_channel_0/ar_cmd_fsm_0/FSM_sequential_state_reg[0]_0[0]                                                     |                                                                                                                                                                                          |                4 |             12 |
|  design_2_i/processing_system7_0/inst/FCLK_CLK0 | design_2_i/axi_smc/inst/s00_nodes/s00_ar_node/inst/inst_si_handler/inst_arb_stall_late/s_sc_valid                                                                                                              | design_2_i/axi_smc/inst/s00_nodes/s00_ar_node/inst/inst_mi_handler/areset_r                                                                                                              |                6 |             12 |
|  design_2_i/processing_system7_0/inst/FCLK_CLK0 | design_2_i/axi_smc/inst/s00_nodes/s00_aw_node/inst/inst_si_handler/inst_arb_stall_late/s_sc_valid                                                                                                              | design_2_i/axi_smc/inst/s00_nodes/s00_aw_node/inst/inst_mi_handler/areset_r                                                                                                              |                6 |             12 |
|  design_2_i/processing_system7_0/inst/FCLK_CLK0 | design_2_i/axi_smc/inst/s00_nodes/s00_b_node/inst/inst_si_handler/inst_arb_stall_late/s_sc_valid                                                                                                               | design_2_i/axi_smc/inst/s00_nodes/s00_b_node/inst/inst_mi_handler/areset_r                                                                                                               |                3 |             12 |
|  design_2_i/processing_system7_0/inst/FCLK_CLK0 | design_2_i/axi_interconnect_0/s00_couplers/auto_pc/inst/gen_axilite.gen_b2s_conv.axilite_b2s/RD.r_channel_0/r_push_r                                                                                           |                                                                                                                                                                                          |                4 |             13 |
|  design_2_i/processing_system7_0/inst/FCLK_CLK0 | design_2_i/axi_interconnect_0/s00_couplers/auto_pc/inst/gen_axilite.gen_b2s_conv.axilite_b2s/SI_REG/b.b_pipe/s_ready_i_reg_0                                                                                   |                                                                                                                                                                                          |                2 |             14 |
|  design_2_i/processing_system7_0/inst/FCLK_CLK0 | design_2_i/axi_interconnect_0/s00_couplers/auto_pc/inst/gen_axilite.gen_b2s_conv.axilite_b2s/SI_REG/b.b_pipe/p_1_in                                                                                            |                                                                                                                                                                                          |                3 |             14 |
|  design_2_i/processing_system7_0/inst/FCLK_CLK0 | design_2_i/uart_0/U0/uart_axi_wr_cntrl_inst/axi_awaddr_buff[15]_i_1_n_0                                                                                                                                        |                                                                                                                                                                                          |                3 |             14 |
|  design_2_i/processing_system7_0/inst/FCLK_CLK0 | design_2_i/axi_full2lite_conver_0/U0/axi_full2lite_rd_cntrl_inst/m_axi_araddr[31]_i_1_n_0                                                                                                                      |                                                                                                                                                                                          |                6 |             14 |
|  design_2_i/processing_system7_0/inst/FCLK_CLK0 | design_2_i/axi_full2lite_conver_0/U0/axi_full2lite_wr_cntrl_inst/m_axi_awaddr[31]_i_1_n_0                                                                                                                      |                                                                                                                                                                                          |                4 |             14 |
|  design_2_i/processing_system7_0/inst/FCLK_CLK0 | design_2_i/axi_smc/inst/m00_exit_pipeline/m00_exit/inst/splitter_inst/gen_axi3.splitter_inst/gen_rsplitter.ar_start_split                                                                                      |                                                                                                                                                                                          |                7 |             15 |
|  design_2_i/processing_system7_0/inst/FCLK_CLK0 | design_2_i/axi_interconnect_0/xbar/inst/gen_sasd.crossbar_sasd_0/reg_slice_r/aa_rready                                                                                                                         |                                                                                                                                                                                          |                7 |             15 |
|  design_2_i/processing_system7_0/inst/FCLK_CLK0 | design_2_i/axi_smc/inst/m00_exit_pipeline/m00_exit/inst/splitter_inst/gen_axi3.splitter_inst/gen_wsplitter.gen_wthread_loop[0].b_split_fifo/gen_rd_b.doutb_reg_reg[8][0]                                       |                                                                                                                                                                                          |               11 |             16 |
|  design_2_i/processing_system7_0/inst/FCLK_CLK0 | design_2_i/uart_0/U0/uart_axi_wr_cntrl_inst/uart_fifo_inst/p_0_in                                                                                                                                              |                                                                                                                                                                                          |                2 |             16 |
|  design_2_i/processing_system7_0/inst/FCLK_CLK0 |                                                                                                                                                                                                                | design_2_i/xadc_wiz_0/U0/AXI_LITE_IPIF_I/I_SLAVE_ATTACHMENT/rst_reg_0[0]                                                                                                                 |                7 |             16 |
|  design_2_i/processing_system7_0/inst/FCLK_CLK0 | design_2_i/axi_interconnect_0/s00_couplers/auto_pc/inst/gen_axilite.gen_b2s_conv.axilite_b2s/WR.aw_channel_0/aw_cmd_fsm_0/b_push                                                                               |                                                                                                                                                                                          |                3 |             16 |
|  design_2_i/processing_system7_0/inst/FCLK_CLK0 | design_2_i/xadc_wiz_0/U0/AXI_LITE_IPIF_I/I_SLAVE_ATTACHMENT/I_DECODER/E[0]                                                                                                                                     | design_2_i/xadc_wiz_0/U0/AXI_LITE_IPIF_I/I_SLAVE_ATTACHMENT/reset2ip_reset                                                                                                               |                9 |             17 |
|  design_2_i/processing_system7_0/inst/FCLK_CLK0 |                                                                                                                                                                                                                | design_2_i/axi_gpio_0/U0/AXI_LITE_IPIF_I/I_SLAVE_ATTACHMENT/SS[0]                                                                                                                        |                7 |             20 |
|  design_2_i/processing_system7_0/inst/FCLK_CLK0 | design_2_i/cpu_0/U0/mlite_cpu_inst/u2_mem_ctrl/ACTIVE_LOW_PR_OUT_DFF[0].FDRE_PER_N                                                                                                                             |                                                                                                                                                                                          |                6 |             20 |
|  design_2_i/processing_system7_0/inst/FCLK_CLK0 | design_2_i/xadc_wiz_0/U0/AXI_LITE_IPIF_I/I_SLAVE_ATTACHMENT/s_axi_rresp_i                                                                                                                                      | design_2_i/xadc_wiz_0/U0/AXI_LITE_IPIF_I/I_SLAVE_ATTACHMENT/SR[0]                                                                                                                        |                7 |             20 |
|  design_2_i/processing_system7_0/inst/FCLK_CLK0 | design_2_i/axi_full2lite_conver_0/U0/axi_full2lite_wr_cntrl_inst/m_axi_wdata[31]_i_1_n_0                                                                                                                       |                                                                                                                                                                                          |                5 |             20 |
|  design_2_i/processing_system7_0/inst/FCLK_CLK0 | design_2_i/axi_interconnect_0/xbar/inst/gen_sasd.crossbar_sasd_0/addr_arbiter_inst/p_0_in1_in                                                                                                                  | design_2_i/axi_interconnect_0/xbar/inst/gen_sasd.crossbar_sasd_0/addr_arbiter_inst/SR[0]                                                                                                 |                9 |             24 |
|  design_2_i/processing_system7_0/inst/FCLK_CLK0 | design_2_i/xadc_wiz_0/U0/AXI_LITE_IPIF_I/I_SLAVE_ATTACHMENT/I_DECODER/start                                                                                                                                    | design_2_i/xadc_wiz_0/U0/AXI_LITE_IPIF_I/I_SLAVE_ATTACHMENT/I_DECODER/cs_ce_clr                                                                                                          |                8 |             25 |
|  design_2_i/processing_system7_0/inst/FCLK_CLK0 |                                                                                                                                                                                                                | design_2_i/xadc_wiz_0/U0/AXI_LITE_IPIF_I/I_SLAVE_ATTACHMENT/SR[0]                                                                                                                        |                8 |             26 |
|  design_2_i/processing_system7_0/inst/FCLK_CLK0 | design_2_i/axi_interconnect_0/s00_couplers/auto_pc/inst/gen_axilite.gen_b2s_conv.axilite_b2s/WR.aw_channel_0/aw_cmd_fsm_0/E[0]                                                                                 |                                                                                                                                                                                          |               13 |             26 |
|  design_2_i/processing_system7_0/inst/FCLK_CLK0 | design_2_i/axi_interconnect_0/s00_couplers/auto_pc/inst/gen_axilite.gen_b2s_conv.axilite_b2s/RD.ar_channel_0/ar_cmd_fsm_0/E[0]                                                                                 |                                                                                                                                                                                          |               11 |             26 |
|  design_2_i/processing_system7_0/inst/FCLK_CLK0 | design_2_i/axi_smc/inst/s00_entry_pipeline/s00_si_converter/inst/converter.wrap_narrow_inst/w_shelve_d                                                                                                         |                                                                                                                                                                                          |                7 |             27 |
|  design_2_i/processing_system7_0/inst/FCLK_CLK0 |                                                                                                                                                                                                                | design_2_i/axi_smc/inst/m00_exit_pipeline/m00_exit/inst/areset                                                                                                                           |               16 |             29 |
|  design_2_i/processing_system7_0/inst/FCLK_CLK0 | design_2_i/cpu_0/U0/cpu_axi_rd_cntrl_inst/axi_araddr[31]_i_1_n_0                                                                                                                                               |                                                                                                                                                                                          |               12 |             30 |
|  design_2_i/processing_system7_0/inst/FCLK_CLK0 | design_2_i/cpu_0/U0/gen_cache.cache_cntrl_inst/E[0]                                                                                                                                                            |                                                                                                                                                                                          |                9 |             31 |
|  design_2_i/processing_system7_0/inst/FCLK_CLK0 | design_2_i/cpu_0/U0/mlite_cpu_inst/u9_pipeline/E[0]                                                                                                                                                            | design_2_i/cpu_0/U0/mlite_cpu_inst/u8_mult/reset_reg_reg[3]                                                                                                                              |               10 |             31 |
|  design_2_i/processing_system7_0/inst/FCLK_CLK0 | design_2_i/cpu_0/U0/gen_cache.cache_cntrl_inst/cpu_rd_data[31]_i_1_n_0                                                                                                                                         |                                                                                                                                                                                          |               18 |             32 |
|  design_2_i/processing_system7_0/inst/FCLK_CLK0 | design_2_i/axi_smc/inst/s00_entry_pipeline/s00_si_converter/inst/converter.wrap_narrow_inst/gen_thread_loop[0].r_payld_fifo/cmd_fifo/gen_thread_loop[0].r_cmd_active_reg[0][0]                                 |                                                                                                                                                                                          |                8 |             32 |
|  design_2_i/processing_system7_0/inst/FCLK_CLK0 | design_2_i/axi_smc/inst/s00_entry_pipeline/s00_si_converter/inst/converter.wrap_narrow_inst/r_shelf                                                                                                            |                                                                                                                                                                                          |                9 |             32 |
|  design_2_i/processing_system7_0/inst/FCLK_CLK0 | design_2_i/cpu_0/U0/mlite_cpu_inst/u9_pipeline/next_opcode_reg                                                                                                                                                 | design_2_i/cpu_0/U0/mlite_cpu_inst/u8_mult/reset_reg_reg[3]                                                                                                                              |               14 |             32 |
|  design_2_i/processing_system7_0/inst/FCLK_CLK0 | design_2_i/axi_bram_ctrl_0/U0/gext_inst.abcv4_0_ext_inst/GEN_AXI4.I_FULL_AXI/I_RD_CHNL/axi_rdata_en                                                                                                            | design_2_i/axi_bram_ctrl_0/U0/gext_inst.abcv4_0_ext_inst/GEN_AXI4.I_FULL_AXI/I_RD_CHNL/GEN_NO_RD_CMD_OPT.GEN_RDATA_NO_ECC.GEN_RDATA_NO_RL_NO_ECC.GEN_RDATA[31].axi_rdata_int[31]_i_1_n_0 |               11 |             32 |
|  design_2_i/processing_system7_0/inst/FCLK_CLK0 | design_2_i/axi_smc/inst/s00_entry_pipeline/s00_si_converter/inst/converter.wrap_narrow_inst/gen_thread_loop[0].r_payld_fifo/gen_srls[38].srl_nx1/push                                                          |                                                                                                                                                                                          |                8 |             32 |
|  design_2_i/processing_system7_0/inst/FCLK_CLK0 | design_2_i/axi_bram_ctrl_0/U0/gext_inst.abcv4_0_ext_inst/GEN_AXI4.I_FULL_AXI/I_WR_CHNL/GEN_WRDATA[31].bram_wrdata_int[31]_i_1_n_0                                                                              |                                                                                                                                                                                          |               11 |             32 |
|  design_2_i/processing_system7_0/inst/FCLK_CLK0 | design_2_i/axi_bram_ctrl_0/U0/gext_inst.abcv4_0_ext_inst/GEN_AXI4.I_FULL_AXI/I_RD_CHNL/rd_skid_buf_ld                                                                                                          | design_2_i/axi_bram_ctrl_0/U0/gext_inst.abcv4_0_ext_inst/GEN_AXI4.I_FULL_AXI/I_RD_CHNL/GEN_NO_RD_CMD_OPT.I_WRAP_BRST/ACTIVE_LOW_PR_OUT_DFF[0].FDRE_PER_N                                 |                8 |             32 |
|  design_2_i/processing_system7_0/inst/FCLK_CLK0 | design_2_i/cpu_0/U0/mlite_cpu_inst/u2_mem_ctrl/opcode_reg[31]_i_1_n_0                                                                                                                                          | design_2_i/cpu_0/U0/mlite_cpu_inst/u8_mult/reset_reg_reg[3]                                                                                                                              |               17 |             32 |
|  design_2_i/processing_system7_0/inst/FCLK_CLK0 | design_2_i/cpu_0/U0/mlite_cpu_inst/u9_pipeline/mode_reg_reg[0]                                                                                                                                                 | design_2_i/cpu_0/U0/mlite_cpu_inst/u8_mult/reset_reg_reg[3]                                                                                                                              |               20 |             32 |
|  design_2_i/processing_system7_0/inst/FCLK_CLK0 | design_2_i/cpu_0/U0/mlite_cpu_inst/u9_pipeline/mult_funcD_reg[1]_0[0]                                                                                                                                          | design_2_i/cpu_0/U0/mlite_cpu_inst/u8_mult/reset_reg_reg[3]                                                                                                                              |               20 |             32 |
|  design_2_i/processing_system7_0/inst/FCLK_CLK0 | design_2_i/cpu_0/U0/mlite_cpu_inst/u9_pipeline/mode_reg_reg_0[0]                                                                                                                                               | design_2_i/cpu_0/U0/mlite_cpu_inst/u8_mult/reset_reg_reg[3]                                                                                                                              |               17 |             32 |
|  design_2_i/processing_system7_0/inst/FCLK_CLK0 | design_2_i/proc_sys_reset_0/U0/peripheral_aresetn[0]                                                                                                                                                           |                                                                                                                                                                                          |               14 |             32 |
|  design_2_i/processing_system7_0/inst/FCLK_CLK0 | design_2_i/axi_smc/inst/s00_entry_pipeline/s00_si_converter/inst/converter.wrap_narrow_inst/ar_reg_slice/skid_buffer[1144]_i_1__0_n_0                                                                          |                                                                                                                                                                                          |                9 |             33 |
|  design_2_i/processing_system7_0/inst/FCLK_CLK0 | design_2_i/cpu_0/U0/cpu_axi_wr_cntrl_inst/fifo[31]_i_1_n_0                                                                                                                                                     |                                                                                                                                                                                          |               18 |             33 |
|  design_2_i/processing_system7_0/inst/FCLK_CLK0 | design_2_i/axi_smc/inst/s00_entry_pipeline/s00_si_converter/inst/converter.wrap_narrow_inst/ar_reg_slice/m_vector_i[1092]_i_1__0_n_0                                                                           |                                                                                                                                                                                          |                7 |             33 |
|  design_2_i/processing_system7_0/inst/FCLK_CLK0 | design_2_i/axi_interconnect_0/s00_couplers/auto_pc/inst/gen_axilite.gen_b2s_conv.axilite_b2s/RD.r_channel_0/rd_data_fifo_0/wr_en0                                                                              |                                                                                                                                                                                          |                9 |             34 |
|  design_2_i/processing_system7_0/inst/FCLK_CLK0 | design_2_i/axi_smc/inst/s00_entry_pipeline/s00_si_converter/inst/converter.wrap_narrow_inst/aw_reg_slice/skid_buffer[1144]_i_1_n_0                                                                             |                                                                                                                                                                                          |               11 |             34 |
|  design_2_i/processing_system7_0/inst/FCLK_CLK0 | design_2_i/axi_smc/inst/m00_exit_pipeline/m00_exit/inst/splitter_inst/gen_axi3.splitter_inst/ar_cmd_reg/gen_rsplitter.artrans_cntr                                                                             |                                                                                                                                                                                          |               11 |             34 |
|  design_2_i/processing_system7_0/inst/FCLK_CLK0 | design_2_i/axi_smc/inst/m00_exit_pipeline/m00_exit/inst/splitter_inst/gen_axi3.splitter_inst/aw_cmd_reg/gen_wsplitter.awtrans_cntr                                                                             |                                                                                                                                                                                          |               13 |             34 |
|  design_2_i/processing_system7_0/inst/FCLK_CLK0 | design_2_i/axi_smc/inst/s00_entry_pipeline/s00_si_converter/inst/converter.wrap_narrow_inst/aw_reg_slice/m_vector_i[1092]_i_1_n_0                                                                              |                                                                                                                                                                                          |               11 |             34 |
|  design_2_i/processing_system7_0/inst/FCLK_CLK0 | design_2_i/axi_interconnect_0/xbar/inst/gen_sasd.crossbar_sasd_0/addr_arbiter_inst/E[0]                                                                                                                        |                                                                                                                                                                                          |               14 |             35 |
|  design_2_i/processing_system7_0/inst/FCLK_CLK0 | design_2_i/axi_smc/inst/s00_entry_pipeline/s00_si_converter/inst/converter.wrap_narrow_inst/w_payld_fifo/gen_srls[103].srl_nx1/push                                                                            |                                                                                                                                                                                          |                9 |             36 |
|  design_2_i/processing_system7_0/inst/FCLK_CLK0 | design_2_i/axi_smc/inst/s00_entry_pipeline/s00_si_converter/inst/gen_normal.splitter_inst/gen_no_wsplitter.gen_endpoint_woffset.gen_wbypass_offset_fifo.wbypass_offset_fifo/E[0]                               |                                                                                                                                                                                          |               10 |             37 |
|  design_2_i/processing_system7_0/inst/FCLK_CLK0 |                                                                                                                                                                                                                | design_2_i/cpu_0/U0/mlite_cpu_inst/u8_mult/reset_reg_reg[3]                                                                                                                              |               33 |             37 |
|  design_2_i/processing_system7_0/inst/FCLK_CLK0 | design_2_i/axi_smc/inst/s00_nodes/s00_r_node/inst/inst_mi_handler/gen_normal_area.inst_fifo_node_payld/gen_xpm_memory_fifo.inst_fifo/gen_mem_rep[0].inst_rd_addrb/rd_addrb_incr                                | design_2_i/axi_smc/inst/s00_nodes/s00_r_node/inst/inst_mi_handler/m_sc_areset_r                                                                                                          |                8 |             38 |
|  design_2_i/processing_system7_0/inst/FCLK_CLK0 | design_2_i/cpu_0/U0/mlite_cpu_inst/u9_pipeline/mult_funcD_reg[3]_0[0]                                                                                                                                          | design_2_i/cpu_0/U0/mlite_cpu_inst/u8_mult/reset_reg_reg[3]                                                                                                                              |               18 |             38 |
|  design_2_i/processing_system7_0/inst/FCLK_CLK0 | design_2_i/cpu_0/U0/mlite_cpu_inst/u2_mem_ctrl/mem_access_needed_reg_8                                                                                                                                         |                                                                                                                                                                                          |               10 |             40 |
|  design_2_i/processing_system7_0/inst/FCLK_CLK0 | design_2_i/cpu_0/U0/mlite_cpu_inst/u2_mem_ctrl/mem_access_needed_reg                                                                                                                                           |                                                                                                                                                                                          |               10 |             40 |
|  design_2_i/processing_system7_0/inst/FCLK_CLK0 | design_2_i/axi_smc/inst/s00_nodes/s00_w_node/inst/inst_mi_handler/gen_normal_area.inst_fifo_node_payld/gen_xpm_memory_fifo.inst_fifo/gen_mem_rep[0].inst_rd_addrb/rd_addrb_incr                                | design_2_i/axi_smc/inst/s00_nodes/s00_w_node/inst/inst_mi_handler/m_sc_areset_r                                                                                                          |                9 |             42 |
|  design_2_i/processing_system7_0/inst/FCLK_CLK0 |                                                                                                                                                                                                                | design_2_i/axi_smc/inst/s00_entry_pipeline/s00_si_converter/inst/areset                                                                                                                  |               20 |             42 |
|  design_2_i/processing_system7_0/inst/FCLK_CLK0 |                                                                                                                                                                                                                | design_2_i/axi_bram_ctrl_0/U0/gext_inst.abcv4_0_ext_inst/GEN_AXI4.I_FULL_AXI/I_RD_CHNL/GEN_NO_RD_CMD_OPT.I_WRAP_BRST/ACTIVE_LOW_PR_OUT_DFF[0].FDRE_PER_N                                 |               23 |             42 |
|  design_2_i/processing_system7_0/inst/FCLK_CLK0 | design_2_i/axi_interconnect_0/s00_couplers/auto_pc/inst/gen_axilite.gen_b2s_conv.axilite_b2s/SI_REG/r.r_pipe/p_1_in                                                                                            |                                                                                                                                                                                          |                9 |             47 |
|  design_2_i/processing_system7_0/inst/FCLK_CLK0 | design_2_i/axi_interconnect_0/s00_couplers/auto_pc/inst/gen_axilite.gen_b2s_conv.axilite_b2s/SI_REG/r.r_pipe/s_ready_i_reg_0                                                                                   |                                                                                                                                                                                          |                9 |             47 |
|  design_2_i/processing_system7_0/inst/FCLK_CLK0 | design_2_i/axi_interconnect_0/s00_couplers/auto_pc/inst/gen_axilite.gen_b2s_conv.axilite_b2s/WR.aw_channel_0/aw_cmd_fsm_0/m_valid_i_reg[0]                                                                     |                                                                                                                                                                                          |               11 |             48 |
|  design_2_i/processing_system7_0/inst/FCLK_CLK0 | design_2_i/axi_interconnect_0/s00_couplers/auto_pc/inst/gen_axilite.gen_b2s_conv.axilite_b2s/SI_REG/ar.ar_pipe/s_ready_i_reg_0                                                                                 |                                                                                                                                                                                          |               12 |             48 |
|  design_2_i/processing_system7_0/inst/FCLK_CLK0 | design_2_i/axi_interconnect_0/s00_couplers/auto_pc/inst/gen_axilite.gen_b2s_conv.axilite_b2s/RD.ar_channel_0/ar_cmd_fsm_0/FSM_sequential_state_reg[1]_1[0]                                                     |                                                                                                                                                                                          |               11 |             48 |
|  design_2_i/processing_system7_0/inst/FCLK_CLK0 | design_2_i/axi_smc/inst/s00_nodes/s00_r_node/inst/inst_mi_handler/gen_normal_area.inst_fifo_node_payld/gen_xpm_memory_fifo.inst_fifo/wr_wea                                                                    |                                                                                                                                                                                          |                6 |             48 |
|  design_2_i/processing_system7_0/inst/FCLK_CLK0 | design_2_i/axi_interconnect_0/s00_couplers/auto_pc/inst/gen_axilite.gen_b2s_conv.axilite_b2s/SI_REG/aw.aw_pipe/s_ready_i_reg_0                                                                                 |                                                                                                                                                                                          |               10 |             48 |
|  design_2_i/processing_system7_0/inst/FCLK_CLK0 | design_2_i/axi_smc/inst/m00_exit_pipeline/m00_exit/inst/splitter_inst/gen_axi3.splitter_inst/ar_cmd_reg/m_vector_i[1144]_i_1__0_n_0                                                                            |                                                                                                                                                                                          |               25 |             52 |
|  design_2_i/processing_system7_0/inst/FCLK_CLK0 |                                                                                                                                                                                                                | design_2_i/uart_0/U0/uart_core_inst/ACTIVE_LOW_PR_OUT_DFF[0].FDRE_PER_N                                                                                                                  |               15 |             52 |
|  design_2_i/processing_system7_0/inst/FCLK_CLK0 | design_2_i/axi_smc/inst/m00_exit_pipeline/m00_exit/inst/splitter_inst/gen_axi3.splitter_inst/aw_cmd_reg/m_vector_i[1144]_i_1_n_0                                                                               |                                                                                                                                                                                          |               22 |             53 |
|  design_2_i/processing_system7_0/inst/FCLK_CLK0 | design_2_i/cpu_0/U0/mlite_cpu_inst/u2_mem_ctrl/mem_prepared_reg_0                                                                                                                                              |                                                                                                                                                                                          |               11 |             55 |
|  design_2_i/processing_system7_0/inst/FCLK_CLK0 | design_2_i/cpu_0/U0/gen_cache.cache_cntrl_inst/p_0_in                                                                                                                                                          |                                                                                                                                                                                          |               25 |             56 |
|  design_2_i/processing_system7_0/inst/FCLK_CLK0 | design_2_i/axi_smc/inst/s00_nodes/s00_w_node/inst/inst_mi_handler/gen_normal_area.inst_fifo_node_payld/gen_xpm_memory_fifo.inst_fifo/wr_wea                                                                    |                                                                                                                                                                                          |                7 |             56 |
|  design_2_i/processing_system7_0/inst/FCLK_CLK0 | design_2_i/axi_smc/inst/s00_nodes/s00_ar_node/inst/inst_mi_handler/gen_normal_area.inst_fifo_node_payld/gen_xpm_memory_fifo.inst_fifo/gen_mem_rep[0].inst_rd_addrb/rd_addrb_incr                               | design_2_i/axi_smc/inst/s00_nodes/s00_ar_node/inst/inst_mi_handler/m_sc_areset_r                                                                                                         |               14 |             68 |
|  design_2_i/processing_system7_0/inst/FCLK_CLK0 | design_2_i/axi_smc/inst/s00_nodes/s00_aw_node/inst/inst_mi_handler/gen_normal_area.inst_fifo_node_payld/gen_xpm_memory_fifo.inst_fifo/gen_mem_rep[0].inst_rd_addrb/rd_addrb_incr                               | design_2_i/axi_smc/inst/s00_nodes/s00_aw_node/inst/inst_mi_handler/m_sc_areset_r                                                                                                         |               14 |             69 |
|  design_2_i/processing_system7_0/inst/FCLK_CLK0 | design_2_i/cpu_0/U0/gen_cache.cache_cntrl_inst/block_rows_reg_r1_0_63_0_2_i_4_n_0                                                                                                                              |                                                                                                                                                                                          |               22 |             88 |
|  design_2_i/processing_system7_0/inst/FCLK_CLK0 | design_2_i/cpu_0/U0/gen_cache.cache_cntrl_inst/block_rows_reg_r1_128_191_0_2_i_1_n_0                                                                                                                           |                                                                                                                                                                                          |               22 |             88 |
|  design_2_i/processing_system7_0/inst/FCLK_CLK0 | design_2_i/cpu_0/U0/gen_cache.cache_cntrl_inst/block_rows_reg_r1_192_255_0_2_i_1_n_0                                                                                                                           |                                                                                                                                                                                          |               22 |             88 |
|  design_2_i/processing_system7_0/inst/FCLK_CLK0 | design_2_i/cpu_0/U0/gen_cache.cache_cntrl_inst/block_rows_reg_r1_256_319_0_2_i_1_n_0                                                                                                                           |                                                                                                                                                                                          |               22 |             88 |
|  design_2_i/processing_system7_0/inst/FCLK_CLK0 | design_2_i/cpu_0/U0/gen_cache.cache_cntrl_inst/block_rows_reg_r1_320_383_0_2_i_1_n_0                                                                                                                           |                                                                                                                                                                                          |               22 |             88 |
|  design_2_i/processing_system7_0/inst/FCLK_CLK0 | design_2_i/cpu_0/U0/gen_cache.cache_cntrl_inst/block_rows_reg_r1_448_511_0_2_i_1_n_0                                                                                                                           |                                                                                                                                                                                          |               22 |             88 |
|  design_2_i/processing_system7_0/inst/FCLK_CLK0 | design_2_i/cpu_0/U0/gen_cache.cache_cntrl_inst/block_rows_reg_r1_64_127_0_2_i_1_n_0                                                                                                                            |                                                                                                                                                                                          |               22 |             88 |
|  design_2_i/processing_system7_0/inst/FCLK_CLK0 | design_2_i/cpu_0/U0/gen_cache.cache_cntrl_inst/block_rows_reg_r1_384_447_0_2_i_1_n_0                                                                                                                           |                                                                                                                                                                                          |               22 |             88 |
|  design_2_i/processing_system7_0/inst/FCLK_CLK0 | design_2_i/cpu_0/U0/mlite_cpu_inst/u9_pipeline/rd_index_reg_reg[1]_0                                                                                                                                           |                                                                                                                                                                                          |               12 |             96 |
|  design_2_i/processing_system7_0/inst/FCLK_CLK0 | design_2_i/axi_smc/inst/s00_nodes/s00_ar_node/inst/inst_mi_handler/gen_normal_area.inst_fifo_node_payld/gen_xpm_memory_fifo.inst_fifo/wr_wea                                                                   |                                                                                                                                                                                          |               12 |             96 |
|  design_2_i/processing_system7_0/inst/FCLK_CLK0 | design_2_i/axi_smc/inst/s00_nodes/s00_aw_node/inst/inst_mi_handler/gen_normal_area.inst_fifo_node_payld/gen_xpm_memory_fifo.inst_fifo/wr_wea                                                                   |                                                                                                                                                                                          |               12 |             96 |
|  design_2_i/processing_system7_0/inst/FCLK_CLK0 |                                                                                                                                                                                                                | design_2_i/xadc_wiz_0/U0/AXI_LITE_IPIF_I/I_SLAVE_ATTACHMENT/reset2ip_reset                                                                                                               |               30 |            115 |
|  design_2_i/processing_system7_0/inst/FCLK_CLK0 | design_2_i/cpu_0/U0/mlite_cpu_inst/u2_mem_ctrl/pause_enable_reg_reg[0]                                                                                                                                         | design_2_i/cpu_0/U0/mlite_cpu_inst/u8_mult/reset_reg_reg[3]                                                                                                                              |               70 |            115 |
|  design_2_i/processing_system7_0/inst/FCLK_CLK0 |                                                                                                                                                                                                                |                                                                                                                                                                                          |              137 |            302 |
|  design_2_i/processing_system7_0/inst/FCLK_CLK0 |                                                                                                                                                                                                                | design_2_i/cpu_0/U0/gen_cache.cache_cntrl_inst/reset_in                                                                                                                                  |              236 |            561 |
+-------------------------------------------------+----------------------------------------------------------------------------------------------------------------------------------------------------------------------------------------------------------------+------------------------------------------------------------------------------------------------------------------------------------------------------------------------------------------+------------------+----------------+


