#-----------------------------------------------------------
# Vivado v2019.2.1 (64-bit)
# SW Build 2729669 on Thu Dec  5 04:49:17 MST 2019
# IP Build 2729494 on Thu Dec  5 07:38:25 MST 2019
# Start of session at: Wed Jun  3 14:44:12 2020
# Process ID: 17380
# Current directory: D:/PDP_baseline/PDP/sim/zynq_sim
# Command line: vivado.exe -gui_launcher_event rodinguilauncherevent15916 D:\PDP_baseline\PDP\sim\zynq_sim\zynq_sim.xpr
# Log file: D:/PDP_baseline/PDP/sim/zynq_sim/vivado.log
# Journal file: D:/PDP_baseline/PDP/sim/zynq_sim\vivado.jou
#-----------------------------------------------------------
start_gui
open_project D:/PDP_baseline/PDP/sim/zynq_sim/zynq_sim.xpr
Scanning sources...
Finished scanning sources
INFO: [IP_Flow 19-234] Refreshing IP repositories
INFO: [IP_Flow 19-1704] No user IP repositories specified
INFO: [IP_Flow 19-2313] Loaded Vivado IP repository 'D:/Xilinx/Vivado/2019.2/data/ip'.
CRITICAL WARNING: [HDL 9-3116] 'work' is not a type [D:/PDP_baseline/PDP/rtl/platform/bram.vhd:36]
CRITICAL WARNING: [HDL 9-3116] 'work' is not a type [D:/PDP_baseline/PDP/rtl/platform/bram.vhd:36]
update_compile_order -fileset sources_1
open_bd_design {D:/PDP_baseline/PDP/sim/zynq_sim/zynq_sim.srcs/sources_1/bd/design_1/design_1.bd}
Adding component instance block -- xilinx.com:ip:proc_sys_reset:5.0 - proc_sys_reset_0
Adding component instance block -- xilinx.com:module_ref:crossbar_wrap:1.0 - crossbar_wrap_0
Adding component instance block -- xilinx.com:module_ref:axi_full2lite_converter:1.0 - axi_full2lite_conver_0
Adding component instance block -- xilinx.com:ip:axi_bram_ctrl:4.1 - axi_bram_ctrl_0
Adding component instance block -- xilinx.com:ip:axi_bram_ctrl:4.1 - axi_bram_ctrl_1
Adding component instance block -- xilinx.com:ip:clk_wiz:6.0 - clk_wiz_0
Adding component instance block -- xilinx.com:module_ref:uart:1.0 - uart_0
Adding component instance block -- xilinx.com:module_ref:cpu:1.0 - cpu_0
Adding component instance block -- xilinx.com:module_ref:bram:1.0 - bram_0
Adding component instance block -- xilinx.com:module_ref:bram:1.0 - bram_1
WARNING: [BD 41-1731] Type mismatch between connected pins: /axi_bram_ctrl_0/bram_clk_a(clk) and /bram_0/bram_clk_a(undef)
WARNING: [BD 41-1731] Type mismatch between connected pins: /axi_bram_ctrl_0/bram_rst_a(rst) and /bram_0/bram_rst_a(undef)
WARNING: [BD 41-1731] Type mismatch between connected pins: /axi_bram_ctrl_1/bram_clk_a(clk) and /bram_1/bram_clk_a(undef)
WARNING: [BD 41-1731] Type mismatch between connected pins: /axi_bram_ctrl_1/bram_rst_a(rst) and /bram_1/bram_rst_a(undef)
Excluding slave segment /uart_0/axi/reg0 from address space /axi_full2lite_conver_0/m_axi.
Excluding slave segment /crossbar_wrap_0/cpu_s_axi/reg0 from address space /cpu_0/axi.
Successfully read diagram <design_1> from BD file <D:/PDP_baseline/PDP/sim/zynq_sim/zynq_sim.srcs/sources_1/bd/design_1/design_1.bd>
update_module_reference {design_1_bram_0_0 design_1_bram_1_0}
CRITICAL WARNING: [HDL 9-3116] 'work' is not a type [D:/PDP_baseline/PDP/rtl/platform/bram.vhd:36]
INFO: [IP_Flow 19-234] Refreshing IP repositories
INFO: [IP_Flow 19-1704] No user IP repositories specified
Upgrading 'D:/PDP_baseline/PDP/sim/zynq_sim/zynq_sim.srcs/sources_1/bd/design_1/design_1.bd'
INFO: [IP_Flow 19-1972] Upgraded design_1_bram_0_0 from bram_v1_0 1.0 to bram_v1_0 1.0
WARNING: [BD 41-1731] Type mismatch between connected pins: /axi_bram_ctrl_0/bram_rst_a(rst) and /bram_0_upgraded_ipi/bram_rst_a(undef)
WARNING: [BD 41-1731] Type mismatch between connected pins: /axi_bram_ctrl_0/bram_clk_a(clk) and /bram_0_upgraded_ipi/bram_clk_a(undef)
INFO: [IP_Flow 19-1972] Upgraded design_1_bram_1_0 from bram_v1_0 1.0 to bram_v1_0 1.0
WARNING: [IP_Flow 19-3571] IP 'design_1_bram_1_0' is restricted:
* Detected changes to module reference file(s).
WARNING: [BD 41-1731] Type mismatch between connected pins: /axi_bram_ctrl_1/bram_rst_a(rst) and /bram_1_upgraded_ipi/bram_rst_a(undef)
WARNING: [BD 41-1731] Type mismatch between connected pins: /axi_bram_ctrl_1/bram_clk_a(clk) and /bram_1_upgraded_ipi/bram_clk_a(undef)
Wrote  : <D:\PDP_baseline\PDP\sim\zynq_sim\zynq_sim.srcs\sources_1\bd\design_1\design_1.bd> 
Wrote  : <D:/PDP_baseline/PDP/sim/zynq_sim/zynq_sim.srcs/sources_1/bd/design_1/ui/bd_1f5defd0.ui> 
update_module_reference: Time (s): cpu = 00:00:01 ; elapsed = 00:00:06 . Memory (MB): peak = 980.688 ; gain = 0.000
update_module_reference design_1_bram_1_0
INFO: [IP_Flow 19-234] Refreshing IP repositories
INFO: [IP_Flow 19-1704] No user IP repositories specified
Upgrading 'D:/PDP_baseline/PDP/sim/zynq_sim/zynq_sim.srcs/sources_1/bd/design_1/design_1.bd'
INFO: [IP_Flow 19-1972] Upgraded design_1_bram_1_0 from bram_v1_0 1.0 to bram_v1_0 1.0
WARNING: [BD 41-1731] Type mismatch between connected pins: /axi_bram_ctrl_1/bram_rst_a(rst) and /bram_1_upgraded_ipi/bram_rst_a(undef)
WARNING: [BD 41-1731] Type mismatch between connected pins: /axi_bram_ctrl_1/bram_clk_a(clk) and /bram_1_upgraded_ipi/bram_clk_a(undef)
Wrote  : <D:\PDP_baseline\PDP\sim\zynq_sim\zynq_sim.srcs\sources_1\bd\design_1\design_1.bd> 
update_compile_order -fileset sources_1
generate_target Simulation [get_files D:/PDP_baseline/PDP/sim/zynq_sim/zynq_sim.srcs/sources_1/bd/design_1/design_1.bd]
CRITICAL WARNING: [BD 41-1630] All slave segments accessible to address space </axi_full2lite_conver_0/m_axi> are excluded.
CRITICAL WARNING: [BD 41-1630] All slave segments accessible to address space </cpu_0/axi> are excluded.
WARNING: [xilinx.com:ip:axi_bram_ctrl:4.1-1] /axi_bram_ctrl_1: PORT /axi_bram_ctrl_1/BRAM_PORTA is UNCONNECTED in the design. Leaving the BRAM interface unconnected will cause BRAMs not to be initialized by Data2Mem
WARNING: [xilinx.com:ip:axi_bram_ctrl:4.1-1] /axi_bram_ctrl_0: PORT /axi_bram_ctrl_0/BRAM_PORTA is UNCONNECTED in the design. Leaving the BRAM interface unconnected will cause BRAMs not to be initialized by Data2Mem
WARNING: [BD 41-927] Following properties on pin /crossbar_wrap_0/aclk have been updated from connected ip. They may not be synchronized with cell properties. You can set property on pin directly to confirm the value and resolve the warning.
	PHASE=0.0 
WARNING: [BD 41-927] Following properties on pin /axi_full2lite_conver_0/aclk have been updated from connected ip. They may not be synchronized with cell properties. You can set property on pin directly to confirm the value and resolve the warning.
	PHASE=0.0 
WARNING: [BD 41-927] Following properties on pin /uart_0/aclk have been updated from connected ip. They may not be synchronized with cell properties. You can set property on pin directly to confirm the value and resolve the warning.
	PHASE=0.0 
WARNING: [BD 41-927] Following properties on pin /cpu_0/aclk have been updated from connected ip. They may not be synchronized with cell properties. You can set property on pin directly to confirm the value and resolve the warning.
	PHASE=0.0 
Wrote  : <D:\PDP_baseline\PDP\sim\zynq_sim\zynq_sim.srcs\sources_1\bd\design_1\design_1.bd> 
CRITICAL WARNING: [BD 41-1228] Width mismatch when connecting input pin '/bram_1/bram_addr_a'(13) to net 'axi_bram_ctrl_1_bram_addr_a'(25) - Only lower order bits will be connected, and other input bits of this pin will be left unconnected.
VHDL Output written to : D:/PDP_baseline/PDP/sim/zynq_sim/zynq_sim.srcs/sources_1/bd/design_1/synth/design_1.vhd
CRITICAL WARNING: [BD 41-1228] Width mismatch when connecting input pin '/bram_1/bram_addr_a'(13) to net 'axi_bram_ctrl_1_bram_addr_a'(25) - Only lower order bits will be connected, and other input bits of this pin will be left unconnected.
VHDL Output written to : D:/PDP_baseline/PDP/sim/zynq_sim/zynq_sim.srcs/sources_1/bd/design_1/sim/design_1.vhd
VHDL Output written to : D:/PDP_baseline/PDP/sim/zynq_sim/zynq_sim.srcs/sources_1/bd/design_1/hdl/design_1_wrapper.vhd
INFO: [BD 41-1029] Generation completed for the IP Integrator block clk_wiz_0 .
INFO: [BD 41-1029] Generation completed for the IP Integrator block proc_sys_reset_0 .
INFO: [BD 41-1029] Generation completed for the IP Integrator block cpu_0 .
INFO: [BD 41-1029] Generation completed for the IP Integrator block crossbar_wrap_0 .
INFO: [BD 41-1029] Generation completed for the IP Integrator block axi_full2lite_conver_0 .
INFO: [BD 41-1029] Generation completed for the IP Integrator block uart_0 .
INFO: [BD 41-1029] Generation completed for the IP Integrator block bram_0 .
INFO: [BD 41-1029] Generation completed for the IP Integrator block bram_1 .
INFO: [BD 41-1029] Generation completed for the IP Integrator block axi_bram_ctrl_0 .
INFO: [BD 41-1029] Generation completed for the IP Integrator block axi_bram_ctrl_1 .
Exporting to file D:/PDP_baseline/PDP/sim/zynq_sim/zynq_sim.srcs/sources_1/bd/design_1/hw_handoff/design_1.hwh
Generated Block Design Tcl file D:/PDP_baseline/PDP/sim/zynq_sim/zynq_sim.srcs/sources_1/bd/design_1/hw_handoff/design_1_bd.tcl
Generated Hardware Definition File D:/PDP_baseline/PDP/sim/zynq_sim/zynq_sim.srcs/sources_1/bd/design_1/synth/design_1.hwdef
export_ip_user_files -of_objects [get_files D:/PDP_baseline/PDP/sim/zynq_sim/zynq_sim.srcs/sources_1/bd/design_1/design_1.bd] -no_script -sync -force -quiet
export_simulation -of_objects [get_files D:/PDP_baseline/PDP/sim/zynq_sim/zynq_sim.srcs/sources_1/bd/design_1/design_1.bd] -directory D:/PDP_baseline/PDP/sim/zynq_sim/zynq_sim.ip_user_files/sim_scripts -ip_user_files_dir D:/PDP_baseline/PDP/sim/zynq_sim/zynq_sim.ip_user_files -ipstatic_source_dir D:/PDP_baseline/PDP/sim/zynq_sim/zynq_sim.ip_user_files/ipstatic -lib_map_path [list {modelsim=D:/PDP_baseline/PDP/sim/zynq_sim/zynq_sim.cache/compile_simlib/modelsim} {questa=D:/PDP_baseline/PDP/sim/zynq_sim/zynq_sim.cache/compile_simlib/questa} {riviera=D:/PDP_baseline/PDP/sim/zynq_sim/zynq_sim.cache/compile_simlib/riviera} {activehdl=D:/PDP_baseline/PDP/sim/zynq_sim/zynq_sim.cache/compile_simlib/activehdl}] -use_ip_compiled_libs -force -quiet
launch_simulation
Command: launch_simulation 
INFO: [Vivado 12-5682] Launching behavioral simulation in 'D:/PDP_baseline/PDP/sim/zynq_sim/zynq_sim.sim/sim_1/behav/xsim'
INFO: [Vivado 12-4795] Using compiled simulation libraries for IPs
INFO: [SIM-utils-51] Simulation object is 'sim_1'
INFO: [USF-XSim-7] Finding pre-compiled libraries...
INFO: [USF-XSim-11] File 'D:/Xilinx/Vivado/2019.2/data/xsim/xsim.ini' copied to run dir:'D:/PDP_baseline/PDP/sim/zynq_sim/zynq_sim.sim/sim_1/behav/xsim'
INFO: [SIM-utils-54] Inspecting design source files for 'testbench_vivado_1' in fileset 'sim_1'...
INFO: [USF-XSim-97] Finding global include files...
INFO: [USF-XSim-98] Fetching design files from 'sim_1'...
INFO: [USF-XSim-2] XSim::Compile design
INFO: [USF-XSim-61] Executing 'COMPILE and ANALYZE' step in 'D:/PDP_baseline/PDP/sim/zynq_sim/zynq_sim.sim/sim_1/behav/xsim'
"xvlog --incr --relax -prj testbench_vivado_1_vlog.prj"
"xvhdl --incr --relax -prj testbench_vivado_1_vhdl.prj"
INFO: [VRFC 10-163] Analyzing VHDL file "D:/PDP_baseline/PDP/rtl/platform/bram.vhd" into library xil_defaultlib
INFO: [VRFC 10-3107] analyzing entity 'bram'
INFO: [VRFC 10-163] Analyzing VHDL file "D:/PDP_baseline/PDP/sim/zynq_sim/zynq_sim.ip_user_files/bd/design_1/ip/design_1_bram_0_0/sim/design_1_bram_0_0.vhd" into library xil_defaultlib
INFO: [VRFC 10-3107] analyzing entity 'design_1_bram_0_0'
INFO: [VRFC 10-163] Analyzing VHDL file "D:/PDP_baseline/PDP/sim/zynq_sim/zynq_sim.ip_user_files/bd/design_1/ip/design_1_bram_1_0/sim/design_1_bram_1_0.vhd" into library xil_defaultlib
INFO: [VRFC 10-3107] analyzing entity 'design_1_bram_1_0'
INFO: [VRFC 10-163] Analyzing VHDL file "D:/PDP_baseline/PDP/sim/zynq_sim/zynq_sim.ip_user_files/bd/design_1/sim/design_1.vhd" into library xil_defaultlib
INFO: [VRFC 10-3107] analyzing entity 'design_1'
INFO: [VRFC 10-163] Analyzing VHDL file "D:/PDP_baseline/PDP/sim/zynq_sim/zynq_sim.srcs/sources_1/bd/design_1/hdl/design_1_wrapper.vhd" into library xil_defaultlib
INFO: [VRFC 10-3107] analyzing entity 'design_1_wrapper'
INFO: [USF-XSim-69] 'compile' step finished in '2' seconds
INFO: [USF-XSim-3] XSim::Elaborate design
INFO: [USF-XSim-61] Executing 'ELABORATE' step in 'D:/PDP_baseline/PDP/sim/zynq_sim/zynq_sim.sim/sim_1/behav/xsim'
"xelab -wto 031034dadac84d16b9a98eedefd0beab --incr --debug typical --relax --mt 2 -L xil_defaultlib -L lib_cdc_v1_0_2 -L proc_sys_reset_v5_0_13 -L axi_bram_ctrl_v4_1_2 -L unisims_ver -L unimacro_ver -L secureip -L xpm --snapshot testbench_vivado_1_behav xil_defaultlib.testbench_vivado_1 xil_defaultlib.glbl -log elaborate.log"
Vivado Simulator 2019.2
Copyright 1986-1999, 2001-2019 Xilinx, Inc. All Rights Reserved.
Running: D:/Xilinx/Vivado/2019.2/bin/unwrapped/win64.o/xelab.exe -wto 031034dadac84d16b9a98eedefd0beab --incr --debug typical --relax --mt 2 -L xil_defaultlib -L lib_cdc_v1_0_2 -L proc_sys_reset_v5_0_13 -L axi_bram_ctrl_v4_1_2 -L unisims_ver -L unimacro_ver -L secureip -L xpm --snapshot testbench_vivado_1_behav xil_defaultlib.testbench_vivado_1 xil_defaultlib.glbl -log elaborate.log 
Using 2 slave threads.
Starting static elaboration
Pass Through NonSizing Optimizer
Completed static elaboration
Starting simulation data flow analysis
Completed simulation data flow analysis
Time Resolution for simulation is 1ps
Compiling package std.standard
Compiling package std.textio
Compiling package ieee.std_logic_1164
Compiling package ieee.numeric_std
Compiling package unisim.vcomponents
Compiling package ieee.std_logic_arith
Compiling package xpm.vcomponents
Compiling package axi_bram_ctrl_v4_1_2.axi_bram_ctrl_funcs
Compiling package ieee.vital_timing
Compiling package ieee.vital_primitives
Compiling package unisim.vpkg
Compiling package xil_defaultlib.axi_full2lite_converter_pack
Compiling package ieee.std_logic_unsigned
Compiling package xil_defaultlib.boot_pack_zynq
Compiling package xil_defaultlib.boot_pack_zynq_sim
Compiling package xil_defaultlib.main_pack_opcodes
Compiling package xil_defaultlib.mlite_pack
Compiling package xil_defaultlib.cpu_pack
Compiling package synopsys.attributes
Compiling package ieee.std_logic_misc
Compiling package xil_defaultlib.crossbar_pack
Compiling package xil_defaultlib.crossbar_wrap_pack
Compiling package xil_defaultlib.uart_pack
Compiling package ieee.std_logic_textio
Compiling package vl.vl_types
Compiling module xil_defaultlib.glbl
Compiling architecture implementation of entity axi_bram_ctrl_v4_1_2.sng_port_arb [\sng_port_arb(c_s_axi_addr_width...]
Compiling architecture implementation of entity axi_bram_ctrl_v4_1_2.ua_narrow [\ua_narrow(c_bram_addr_adjust_fa...]
Compiling architecture implementation of entity axi_bram_ctrl_v4_1_2.wrap_brst [\wrap_brst(c_axi_addr_width=13,c...]
Compiling architecture muxcy_v of entity unisim.MUXCY [muxcy_default]
Compiling architecture muxcy_l_v of entity unisim.MUXCY_L [muxcy_l_default]
Compiling architecture xorcy_v of entity unisim.XORCY [xorcy_default]
Compiling architecture srl16e_v of entity unisim.SRL16E [\SRL16E(0,15)\]
Compiling architecture fdre_v of entity unisim.FDRE [fdre_default]
Compiling architecture fdr_v of entity unisim.FDR [fdr_default]
Compiling architecture imp of entity axi_bram_ctrl_v4_1_2.SRL_FIFO [\SRL_FIFO(c_data_bits=1,c_depth=...]
Compiling architecture implementation of entity axi_bram_ctrl_v4_1_2.wr_chnl [\wr_chnl(c_axi_addr_width=13,c_a...]
Compiling architecture implementation of entity axi_bram_ctrl_v4_1_2.rd_chnl [\rd_chnl(c_axi_addr_width=13,c_a...]
Compiling architecture implementation of entity axi_bram_ctrl_v4_1_2.full_axi [\full_axi(c_s_axi_addr_width=13,...]
Compiling architecture implementation of entity axi_bram_ctrl_v4_1_2.axi_bram_ctrl_top [\axi_bram_ctrl_top(c_bram_addr_w...]
Compiling architecture implementation of entity axi_bram_ctrl_v4_1_2.axi_bram_ctrl [\axi_bram_ctrl(c_memory_depth=20...]
Compiling architecture design_1_axi_bram_ctrl_0_1_arch of entity xil_defaultlib.design_1_axi_bram_ctrl_0_1 [design_1_axi_bram_ctrl_0_1_defau...]
Compiling architecture implementation of entity axi_bram_ctrl_v4_1_2.sng_port_arb [\sng_port_arb(c_s_axi_addr_width...]
Compiling architecture implementation of entity axi_bram_ctrl_v4_1_2.wrap_brst [\wrap_brst(c_axi_addr_width=25,c...]
Compiling architecture implementation of entity axi_bram_ctrl_v4_1_2.wr_chnl [\wr_chnl(c_axi_addr_width=25,c_a...]
Compiling architecture implementation of entity axi_bram_ctrl_v4_1_2.rd_chnl [\rd_chnl(c_axi_addr_width=25,c_a...]
Compiling architecture implementation of entity axi_bram_ctrl_v4_1_2.full_axi [\full_axi(c_s_axi_addr_width=25,...]
Compiling architecture implementation of entity axi_bram_ctrl_v4_1_2.axi_bram_ctrl_top [\axi_bram_ctrl_top(c_bram_addr_w...]
Compiling architecture implementation of entity axi_bram_ctrl_v4_1_2.axi_bram_ctrl [\axi_bram_ctrl(c_memory_depth=83...]
Compiling architecture design_1_axi_bram_ctrl_1_1_arch of entity xil_defaultlib.design_1_axi_bram_ctrl_1_1 [design_1_axi_bram_ctrl_1_1_defau...]
Compiling architecture behavioral of entity xil_defaultlib.axi_full2lite_wr_cntrl [axi_full2lite_wr_cntrl_default]
Compiling architecture behavioral of entity xil_defaultlib.axi_full2lite_rd_cntrl [axi_full2lite_rd_cntrl_default]
Compiling architecture behavioral of entity xil_defaultlib.axi_full2lite_converter [axi_full2lite_converter_default]
Compiling architecture design_1_axi_full2lite_conver_0_0_arch of entity xil_defaultlib.design_1_axi_full2lite_conver_0_0 [design_1_axi_full2lite_conver_0_...]
Compiling architecture behavioral of entity xil_defaultlib.bram [\bram(select_app="simb")(1,4)\]
Compiling architecture design_1_bram_0_0_arch of entity xil_defaultlib.design_1_bram_0_0 [design_1_bram_0_0_default]
Compiling architecture behavioral of entity xil_defaultlib.bram [\bram(select_app="main")(1,4)\]
Compiling architecture design_1_bram_1_0_arch of entity xil_defaultlib.design_1_bram_1_0 [design_1_bram_1_0_default]
Compiling module unisims_ver.IBUF
Compiling module unisims_ver.MMCME2_ADV(CLKFBOUT_MULT_F=30.87...
Compiling module unisims_ver.BUFG
Compiling module xil_defaultlib.design_1_clk_wiz_0_0_clk_wiz
Compiling module xil_defaultlib.design_1_clk_wiz_0_0
Compiling architecture behavioral of entity xil_defaultlib.cache_cntrl [\cache_cntrl(cache_way_width=0,c...]
Compiling architecture logic of entity xil_defaultlib.pc_next [pc_next_default]
Compiling architecture logic of entity xil_defaultlib.mem_ctrl [mem_ctrl_default]
Compiling architecture logic of entity xil_defaultlib.control [control_default]
Compiling architecture ram_block of entity xil_defaultlib.reg_bank [\reg_bank(memory_type="DUAL_PORT...]
Compiling architecture logic of entity xil_defaultlib.bus_mux [bus_mux_default]
Compiling architecture logic of entity xil_defaultlib.alu [\alu(1,7)\]
Compiling architecture logic of entity xil_defaultlib.shifter [\shifter(1,7)\]
Compiling architecture logic of entity xil_defaultlib.mult [\mult(1,7)\]
Compiling architecture logic of entity xil_defaultlib.pipeline [pipeline_default]
Compiling architecture logic of entity xil_defaultlib.mlite_cpu [\mlite_cpu(memory_type="DUAL_POR...]
Compiling architecture behavioral of entity xil_defaultlib.cpu_axi_wr_cntrl [\cpu_axi_wr_cntrl(cache_offset_w...]
Compiling architecture behavioral of entity xil_defaultlib.cpu_axi_rd_cntrl [\cpu_axi_rd_cntrl(cache_offset_w...]
Compiling architecture behavioral of entity xil_defaultlib.cpu [\cpu(shifter_type="DEFAULT",alu_...]
Compiling architecture design_1_cpu_0_0_arch of entity xil_defaultlib.design_1_cpu_0_0 [design_1_cpu_0_0_default]
Compiling architecture behavioral of entity xil_defaultlib.crossbar_axi_wr_cntrl [\crossbar_axi_wr_cntrl(axi_slave...]
Compiling architecture behavioral of entity xil_defaultlib.crossbar_axi_rd_cntrl [\crossbar_axi_rd_cntrl(axi_slave...]
Compiling architecture behavioral of entity xil_defaultlib.crossbar_base [\crossbar_base(width=1,input_no=...]
Compiling architecture behavioral of entity xil_defaultlib.crossbar_base [\crossbar_base(width=32,input_no...]
Compiling architecture behavioral of entity xil_defaultlib.crossbar_base [\crossbar_base(width=8,input_no=...]
Compiling architecture behavioral of entity xil_defaultlib.crossbar_base [\crossbar_base(width=3,input_no=...]
Compiling architecture behavioral of entity xil_defaultlib.crossbar_base [\crossbar_base(width=2,input_no=...]
Compiling architecture behavioral of entity xil_defaultlib.crossbar_base [\crossbar_base(width=4,input_no=...]
Compiling architecture behavioral of entity xil_defaultlib.crossbar_base [\crossbar_base(width=1,input_no=...]
Compiling architecture behavioral of entity xil_defaultlib.crossbar_base [\crossbar_base(width=0,input_no=...]
Compiling architecture behavioral of entity xil_defaultlib.crossbar_base [\crossbar_base(width=2,input_no=...]
Compiling architecture behavioral of entity xil_defaultlib.crossbar_base [\crossbar_base(width=32,input_no...]
Compiling architecture behavioral of entity xil_defaultlib.crossbar [\crossbar(axi_address_width=32,a...]
Compiling architecture behavioral of entity xil_defaultlib.crossbar_wrap [\crossbar_wrap(0,95)(0,95)\]
Compiling architecture design_1_crossbar_wrap_0_0_arch of entity xil_defaultlib.design_1_crossbar_wrap_0_0 [design_1_crossbar_wrap_0_0_defau...]
Compiling architecture fdre_v of entity unisim.FDRE [\FDRE(init='1')\]
Compiling architecture implementation of entity lib_cdc_v1_0_2.cdc_sync [\cdc_sync(c_vector_width=2,c_mtb...]
Compiling architecture srl16e_v of entity unisim.SRL16E [\SRL16E(init="1111111111111111")...]
Compiling architecture srl16_v of entity unisim.SRL16 [\SRL16(init="1111111111111111")(...]
Compiling architecture imp of entity proc_sys_reset_v5_0_13.lpf [\lpf(c_ext_rst_width=4,c_aux_rst...]
Compiling architecture imp of entity proc_sys_reset_v5_0_13.upcnt_n [\upcnt_n(c_size=6)\]
Compiling architecture imp of entity proc_sys_reset_v5_0_13.sequence_psr [sequence_psr_default]
Compiling architecture imp of entity proc_sys_reset_v5_0_13.proc_sys_reset [\proc_sys_reset(c_family="zynq",...]
Compiling architecture design_1_proc_sys_reset_0_0_arch of entity xil_defaultlib.design_1_proc_sys_reset_0_0 [design_1_proc_sys_reset_0_0_defa...]
Compiling architecture rtl of entity xil_defaultlib.uart_core [\uart_core(clock_frequency=49400...]
Compiling architecture rtl of entity xil_defaultlib.uart_fifo [\uart_fifo(fifo_width=8,fifo_dep...]
Compiling architecture behavioral of entity xil_defaultlib.uart_axi_wr_cntrl [\uart_axi_wr_cntrl(log_file="uar...]
Compiling architecture behavioral of entity xil_defaultlib.uart_axi_rd_cntrl [\uart_axi_rd_cntrl(axi_address_w...]
Compiling architecture behavioral of entity xil_defaultlib.uart [\uart(log_file="uart_output.txt"...]
Compiling architecture design_1_uart_0_0_arch of entity xil_defaultlib.design_1_uart_0_0 [design_1_uart_0_0_default]
Compiling architecture structure of entity xil_defaultlib.design_1 [design_1_default]
Compiling architecture structure of entity xil_defaultlib.design_1_wrapper [design_1_wrapper_default]
Compiling architecture behavioral of entity xil_defaultlib.testbench_vivado_1
Built simulation snapshot testbench_vivado_1_behav
run_program: Time (s): cpu = 00:00:00 ; elapsed = 00:00:08 . Memory (MB): peak = 1123.266 ; gain = 0.000
INFO: [USF-XSim-69] 'elaborate' step finished in '8' seconds
INFO: [USF-XSim-4] XSim::Simulate design
INFO: [USF-XSim-61] Executing 'SIMULATE' step in 'D:/PDP_baseline/PDP/sim/zynq_sim/zynq_sim.sim/sim_1/behav/xsim'
INFO: [USF-XSim-98] *** Running xsim
   with args "testbench_vivado_1_behav -key {Behavioral:sim_1:Functional:testbench_vivado_1} -tclbatch {testbench_vivado_1.tcl} -protoinst "protoinst_files/design_1.protoinst" -log {simulate.log}"
INFO: [USF-XSim-8] Loading simulator feature
Vivado Simulator 2019.2
INFO: [Wavedata 42-565] Reading protoinst file protoinst_files/design_1.protoinst
INFO: [Wavedata 42-564]   Found protocol instance at /testbench_vivado_1/design_1_wrapper_inst/design_1_i//axi_bram_ctrl_0/S_AXI
INFO: [Wavedata 42-564]   Found protocol instance at /testbench_vivado_1/design_1_wrapper_inst/design_1_i//axi_bram_ctrl_1/S_AXI
INFO: [Wavedata 42-564]   Found protocol instance at /testbench_vivado_1/design_1_wrapper_inst/design_1_i//axi_full2lite_conver_0/m_axi
INFO: [Wavedata 42-564]   Found protocol instance at /testbench_vivado_1/design_1_wrapper_inst/design_1_i//axi_full2lite_conver_0/s_axi
INFO: [Wavedata 42-564]   Found protocol instance at /testbench_vivado_1/design_1_wrapper_inst/design_1_i//cpu_0/axi
INFO: [Wavedata 42-564]   Found protocol instance at /testbench_vivado_1/design_1_wrapper_inst/design_1_i//crossbar_wrap_0/bram_m_axi
INFO: [Wavedata 42-564]   Found protocol instance at /testbench_vivado_1/design_1_wrapper_inst/design_1_i//crossbar_wrap_0/cpu_s_axi
INFO: [Wavedata 42-564]   Found protocol instance at /testbench_vivado_1/design_1_wrapper_inst/design_1_i//crossbar_wrap_0/ram_m_axi
INFO: [Wavedata 42-564]   Found protocol instance at /testbench_vivado_1/design_1_wrapper_inst/design_1_i//crossbar_wrap_0/uart_m_axi
INFO: [Wavedata 42-564]   Found protocol instance at /testbench_vivado_1/design_1_wrapper_inst/design_1_i//uart_0/axi
Time resolution is 1 ps
source testbench_vivado_1.tcl
# set curr_wave [current_wave_config]
# if { [string length $curr_wave] == 0 } {
#   if { [llength [get_objects]] > 0} {
#     add_wave /
#     set_property needs_save false [current_wave_config]
#   } else {
#      send_msg_id Add_Wave-1 WARNING "No top level signals found. Simulator will start without a wave window. If you want to open a wave window go to 'File->New Waveform Configuration' or type 'create_wave_config' in the TCL console."
#   }
# }
# run 1000ns
INFO: [USF-XSim-96] XSim completed. Design snapshot 'testbench_vivado_1_behav' loaded.
INFO: [USF-XSim-97] XSim simulation ran for 1000ns
launch_simulation: Time (s): cpu = 00:00:04 ; elapsed = 00:00:17 . Memory (MB): peak = 1136.703 ; gain = 13.438
run 36 ms
run: Time (s): cpu = 00:00:19 ; elapsed = 00:04:38 . Memory (MB): peak = 1148.805 ; gain = 0.000
close_sim
INFO: [Simtcl 6-16] Simulation closed
update_module_reference design_1_cpu_0_0
INFO: [IP_Flow 19-1976] HDL Parser: Replacing 'default_cache_way_width' by 0 for port or parameter 'cache_way_width'
INFO: [IP_Flow 19-1976] HDL Parser: Replacing 'default_cache_index_width' by 9 for port or parameter 'cache_index_width'
INFO: [IP_Flow 19-1976] HDL Parser: Replacing 'default_cache_offset_width' by 2 for port or parameter 'cache_offset_width'
INFO: [IP_Flow 19-1976] HDL Parser: Replacing 'default_cache_address_width' by 21 for port or parameter 'cache_address_width'
INFO: [IP_Flow 19-5107] Inferred bus interface 'axi' of definition 'xilinx.com:interface:aximm:1.0' (from Xilinx Repository).
INFO: [IP_Flow 19-5107] Inferred bus interface 'aresetn' of definition 'xilinx.com:signal:reset:1.0' (from Xilinx Repository).
INFO: [IP_Flow 19-5107] Inferred bus interface 'aclk' of definition 'xilinx.com:signal:clock:1.0' (from Xilinx Repository).
INFO: [IP_Flow 19-4728] Bus Interface 'aresetn': Added interface parameter 'POLARITY' with value 'ACTIVE_LOW'.
INFO: [IP_Flow 19-4728] Bus Interface 'aclk': Added interface parameter 'ASSOCIATED_BUSIF' with value 'axi'.
INFO: [IP_Flow 19-4728] Bus Interface 'aclk': Added interface parameter 'ASSOCIATED_RESET' with value 'aresetn'.
INFO: [IP_Flow 19-234] Refreshing IP repositories
INFO: [IP_Flow 19-1704] No user IP repositories specified
Upgrading 'D:/PDP_baseline/PDP/sim/zynq_sim/zynq_sim.srcs/sources_1/bd/design_1/design_1.bd'
INFO: [IP_Flow 19-1972] Upgraded design_1_cpu_0_0 from cpu_v1_0 1.0 to cpu_v1_0 1.0
Excluding slave segment /crossbar_wrap_0/cpu_s_axi/reg0 from address space /cpu_0/axi.
Wrote  : <D:\PDP_baseline\PDP\sim\zynq_sim\zynq_sim.srcs\sources_1\bd\design_1\design_1.bd> 
Wrote  : <D:/PDP_baseline/PDP/sim/zynq_sim/zynq_sim.srcs/sources_1/bd/design_1/ui/bd_1f5defd0.ui> 
generate_target Simulation [get_files D:/PDP_baseline/PDP/sim/zynq_sim/zynq_sim.srcs/sources_1/bd/design_1/design_1.bd]
CRITICAL WARNING: [BD 41-1630] All slave segments accessible to address space </axi_full2lite_conver_0/m_axi> are excluded.
CRITICAL WARNING: [BD 41-1630] All slave segments accessible to address space </cpu_0/axi> are excluded.
WARNING: [xilinx.com:ip:axi_bram_ctrl:4.1-1] /axi_bram_ctrl_1: PORT /axi_bram_ctrl_1/BRAM_PORTA is UNCONNECTED in the design. Leaving the BRAM interface unconnected will cause BRAMs not to be initialized by Data2Mem
WARNING: [xilinx.com:ip:axi_bram_ctrl:4.1-1] /axi_bram_ctrl_0: PORT /axi_bram_ctrl_0/BRAM_PORTA is UNCONNECTED in the design. Leaving the BRAM interface unconnected will cause BRAMs not to be initialized by Data2Mem
WARNING: [BD 41-927] Following properties on pin /crossbar_wrap_0/aclk have been updated from connected ip. They may not be synchronized with cell properties. You can set property on pin directly to confirm the value and resolve the warning.
	PHASE=0.0 
WARNING: [BD 41-927] Following properties on pin /axi_full2lite_conver_0/aclk have been updated from connected ip. They may not be synchronized with cell properties. You can set property on pin directly to confirm the value and resolve the warning.
	PHASE=0.0 
WARNING: [BD 41-927] Following properties on pin /uart_0/aclk have been updated from connected ip. They may not be synchronized with cell properties. You can set property on pin directly to confirm the value and resolve the warning.
	PHASE=0.0 
WARNING: [BD 41-927] Following properties on pin /cpu_0/aclk have been updated from connected ip. They may not be synchronized with cell properties. You can set property on pin directly to confirm the value and resolve the warning.
	PHASE=0.0 
Wrote  : <D:\PDP_baseline\PDP\sim\zynq_sim\zynq_sim.srcs\sources_1\bd\design_1\design_1.bd> 
CRITICAL WARNING: [BD 41-1228] Width mismatch when connecting input pin '/bram_1/bram_addr_a'(13) to net 'axi_bram_ctrl_1_bram_addr_a'(25) - Only lower order bits will be connected, and other input bits of this pin will be left unconnected.
VHDL Output written to : D:/PDP_baseline/PDP/sim/zynq_sim/zynq_sim.srcs/sources_1/bd/design_1/synth/design_1.vhd
CRITICAL WARNING: [BD 41-1228] Width mismatch when connecting input pin '/bram_1/bram_addr_a'(13) to net 'axi_bram_ctrl_1_bram_addr_a'(25) - Only lower order bits will be connected, and other input bits of this pin will be left unconnected.
VHDL Output written to : D:/PDP_baseline/PDP/sim/zynq_sim/zynq_sim.srcs/sources_1/bd/design_1/sim/design_1.vhd
VHDL Output written to : D:/PDP_baseline/PDP/sim/zynq_sim/zynq_sim.srcs/sources_1/bd/design_1/hdl/design_1_wrapper.vhd
INFO: [BD 41-1029] Generation completed for the IP Integrator block clk_wiz_0 .
INFO: [BD 41-1029] Generation completed for the IP Integrator block proc_sys_reset_0 .
INFO: [BD 41-1029] Generation completed for the IP Integrator block cpu_0 .
INFO: [BD 41-1029] Generation completed for the IP Integrator block crossbar_wrap_0 .
INFO: [BD 41-1029] Generation completed for the IP Integrator block axi_full2lite_conver_0 .
INFO: [BD 41-1029] Generation completed for the IP Integrator block uart_0 .
INFO: [BD 41-1029] Generation completed for the IP Integrator block bram_0 .
INFO: [BD 41-1029] Generation completed for the IP Integrator block bram_1 .
INFO: [BD 41-1029] Generation completed for the IP Integrator block axi_bram_ctrl_0 .
INFO: [BD 41-1029] Generation completed for the IP Integrator block axi_bram_ctrl_1 .
Exporting to file D:/PDP_baseline/PDP/sim/zynq_sim/zynq_sim.srcs/sources_1/bd/design_1/hw_handoff/design_1.hwh
Generated Block Design Tcl file D:/PDP_baseline/PDP/sim/zynq_sim/zynq_sim.srcs/sources_1/bd/design_1/hw_handoff/design_1_bd.tcl
Generated Hardware Definition File D:/PDP_baseline/PDP/sim/zynq_sim/zynq_sim.srcs/sources_1/bd/design_1/synth/design_1.hwdef
export_ip_user_files -of_objects [get_files D:/PDP_baseline/PDP/sim/zynq_sim/zynq_sim.srcs/sources_1/bd/design_1/design_1.bd] -no_script -sync -force -quiet
export_simulation -of_objects [get_files D:/PDP_baseline/PDP/sim/zynq_sim/zynq_sim.srcs/sources_1/bd/design_1/design_1.bd] -directory D:/PDP_baseline/PDP/sim/zynq_sim/zynq_sim.ip_user_files/sim_scripts -ip_user_files_dir D:/PDP_baseline/PDP/sim/zynq_sim/zynq_sim.ip_user_files -ipstatic_source_dir D:/PDP_baseline/PDP/sim/zynq_sim/zynq_sim.ip_user_files/ipstatic -lib_map_path [list {modelsim=D:/PDP_baseline/PDP/sim/zynq_sim/zynq_sim.cache/compile_simlib/modelsim} {questa=D:/PDP_baseline/PDP/sim/zynq_sim/zynq_sim.cache/compile_simlib/questa} {riviera=D:/PDP_baseline/PDP/sim/zynq_sim/zynq_sim.cache/compile_simlib/riviera} {activehdl=D:/PDP_baseline/PDP/sim/zynq_sim/zynq_sim.cache/compile_simlib/activehdl}] -use_ip_compiled_libs -force -quiet
launch_simulation
Command: launch_simulation 
INFO: [Vivado 12-5682] Launching behavioral simulation in 'D:/PDP_baseline/PDP/sim/zynq_sim/zynq_sim.sim/sim_1/behav/xsim'
INFO: [Vivado 12-4795] Using compiled simulation libraries for IPs
INFO: [SIM-utils-51] Simulation object is 'sim_1'
INFO: [USF-XSim-7] Finding pre-compiled libraries...
INFO: [USF-XSim-11] File 'D:/Xilinx/Vivado/2019.2/data/xsim/xsim.ini' copied to run dir:'D:/PDP_baseline/PDP/sim/zynq_sim/zynq_sim.sim/sim_1/behav/xsim'
INFO: [SIM-utils-54] Inspecting design source files for 'testbench_vivado_1' in fileset 'sim_1'...
INFO: [USF-XSim-97] Finding global include files...
INFO: [USF-XSim-98] Fetching design files from 'sim_1'...
INFO: [USF-XSim-2] XSim::Compile design
INFO: [USF-XSim-61] Executing 'COMPILE and ANALYZE' step in 'D:/PDP_baseline/PDP/sim/zynq_sim/zynq_sim.sim/sim_1/behav/xsim'
"xvlog --incr --relax -prj testbench_vivado_1_vlog.prj"
"xvhdl --incr --relax -prj testbench_vivado_1_vhdl.prj"
INFO: [VRFC 10-163] Analyzing VHDL file "D:/PDP_baseline/PDP/rtl/mlite/mult.vhd" into library xil_defaultlib
INFO: [VRFC 10-3107] analyzing entity 'mult'
INFO: [VRFC 10-163] Analyzing VHDL file "D:/PDP_baseline/PDP/sim/zynq_sim/zynq_sim.ip_user_files/bd/design_1/ip/design_1_cpu_0_0/sim/design_1_cpu_0_0.vhd" into library xil_defaultlib
INFO: [VRFC 10-3107] analyzing entity 'design_1_cpu_0_0'
INFO: [VRFC 10-163] Analyzing VHDL file "D:/PDP_baseline/PDP/sim/zynq_sim/zynq_sim.ip_user_files/bd/design_1/sim/design_1.vhd" into library xil_defaultlib
INFO: [VRFC 10-3107] analyzing entity 'design_1'
INFO: [VRFC 10-163] Analyzing VHDL file "D:/PDP_baseline/PDP/sim/zynq_sim/zynq_sim.srcs/sources_1/bd/design_1/hdl/design_1_wrapper.vhd" into library xil_defaultlib
INFO: [VRFC 10-3107] analyzing entity 'design_1_wrapper'
INFO: [USF-XSim-69] 'compile' step finished in '2' seconds
INFO: [USF-XSim-3] XSim::Elaborate design
INFO: [USF-XSim-61] Executing 'ELABORATE' step in 'D:/PDP_baseline/PDP/sim/zynq_sim/zynq_sim.sim/sim_1/behav/xsim'
"xelab -wto 031034dadac84d16b9a98eedefd0beab --incr --debug typical --relax --mt 2 -L xil_defaultlib -L lib_cdc_v1_0_2 -L proc_sys_reset_v5_0_13 -L axi_bram_ctrl_v4_1_2 -L unisims_ver -L unimacro_ver -L secureip -L xpm --snapshot testbench_vivado_1_behav xil_defaultlib.testbench_vivado_1 xil_defaultlib.glbl -log elaborate.log"
Vivado Simulator 2019.2
Copyright 1986-1999, 2001-2019 Xilinx, Inc. All Rights Reserved.
Running: D:/Xilinx/Vivado/2019.2/bin/unwrapped/win64.o/xelab.exe -wto 031034dadac84d16b9a98eedefd0beab --incr --debug typical --relax --mt 2 -L xil_defaultlib -L lib_cdc_v1_0_2 -L proc_sys_reset_v5_0_13 -L axi_bram_ctrl_v4_1_2 -L unisims_ver -L unimacro_ver -L secureip -L xpm --snapshot testbench_vivado_1_behav xil_defaultlib.testbench_vivado_1 xil_defaultlib.glbl -log elaborate.log 
Using 2 slave threads.
Starting static elaboration
Pass Through NonSizing Optimizer
Completed static elaboration
Starting simulation data flow analysis
Completed simulation data flow analysis
Time Resolution for simulation is 1ps
Compiling package std.standard
Compiling package std.textio
Compiling package ieee.std_logic_1164
Compiling package ieee.numeric_std
Compiling package unisim.vcomponents
Compiling package ieee.std_logic_arith
Compiling package xpm.vcomponents
Compiling package axi_bram_ctrl_v4_1_2.axi_bram_ctrl_funcs
Compiling package ieee.vital_timing
Compiling package ieee.vital_primitives
Compiling package unisim.vpkg
Compiling package xil_defaultlib.axi_full2lite_converter_pack
Compiling package ieee.std_logic_unsigned
Compiling package xil_defaultlib.boot_pack_zynq
Compiling package xil_defaultlib.boot_pack_zynq_sim
Compiling package xil_defaultlib.main_pack_opcodes
Compiling package xil_defaultlib.mlite_pack
Compiling package xil_defaultlib.cpu_pack
Compiling package synopsys.attributes
Compiling package ieee.std_logic_misc
Compiling package xil_defaultlib.crossbar_pack
Compiling package xil_defaultlib.crossbar_wrap_pack
Compiling package xil_defaultlib.uart_pack
Compiling package ieee.std_logic_textio
Compiling package vl.vl_types
Compiling module xil_defaultlib.glbl
Compiling architecture implementation of entity axi_bram_ctrl_v4_1_2.sng_port_arb [\sng_port_arb(c_s_axi_addr_width...]
Compiling architecture implementation of entity axi_bram_ctrl_v4_1_2.ua_narrow [\ua_narrow(c_bram_addr_adjust_fa...]
Compiling architecture implementation of entity axi_bram_ctrl_v4_1_2.wrap_brst [\wrap_brst(c_axi_addr_width=13,c...]
Compiling architecture muxcy_v of entity unisim.MUXCY [muxcy_default]
Compiling architecture muxcy_l_v of entity unisim.MUXCY_L [muxcy_l_default]
Compiling architecture xorcy_v of entity unisim.XORCY [xorcy_default]
Compiling architecture srl16e_v of entity unisim.SRL16E [\SRL16E(0,15)\]
Compiling architecture fdre_v of entity unisim.FDRE [fdre_default]
Compiling architecture fdr_v of entity unisim.FDR [fdr_default]
Compiling architecture imp of entity axi_bram_ctrl_v4_1_2.SRL_FIFO [\SRL_FIFO(c_data_bits=1,c_depth=...]
Compiling architecture implementation of entity axi_bram_ctrl_v4_1_2.wr_chnl [\wr_chnl(c_axi_addr_width=13,c_a...]
Compiling architecture implementation of entity axi_bram_ctrl_v4_1_2.rd_chnl [\rd_chnl(c_axi_addr_width=13,c_a...]
Compiling architecture implementation of entity axi_bram_ctrl_v4_1_2.full_axi [\full_axi(c_s_axi_addr_width=13,...]
Compiling architecture implementation of entity axi_bram_ctrl_v4_1_2.axi_bram_ctrl_top [\axi_bram_ctrl_top(c_bram_addr_w...]
Compiling architecture implementation of entity axi_bram_ctrl_v4_1_2.axi_bram_ctrl [\axi_bram_ctrl(c_memory_depth=20...]
Compiling architecture design_1_axi_bram_ctrl_0_1_arch of entity xil_defaultlib.design_1_axi_bram_ctrl_0_1 [design_1_axi_bram_ctrl_0_1_defau...]
Compiling architecture implementation of entity axi_bram_ctrl_v4_1_2.sng_port_arb [\sng_port_arb(c_s_axi_addr_width...]
Compiling architecture implementation of entity axi_bram_ctrl_v4_1_2.wrap_brst [\wrap_brst(c_axi_addr_width=25,c...]
Compiling architecture implementation of entity axi_bram_ctrl_v4_1_2.wr_chnl [\wr_chnl(c_axi_addr_width=25,c_a...]
Compiling architecture implementation of entity axi_bram_ctrl_v4_1_2.rd_chnl [\rd_chnl(c_axi_addr_width=25,c_a...]
Compiling architecture implementation of entity axi_bram_ctrl_v4_1_2.full_axi [\full_axi(c_s_axi_addr_width=25,...]
Compiling architecture implementation of entity axi_bram_ctrl_v4_1_2.axi_bram_ctrl_top [\axi_bram_ctrl_top(c_bram_addr_w...]
Compiling architecture implementation of entity axi_bram_ctrl_v4_1_2.axi_bram_ctrl [\axi_bram_ctrl(c_memory_depth=83...]
Compiling architecture design_1_axi_bram_ctrl_1_1_arch of entity xil_defaultlib.design_1_axi_bram_ctrl_1_1 [design_1_axi_bram_ctrl_1_1_defau...]
Compiling architecture behavioral of entity xil_defaultlib.axi_full2lite_wr_cntrl [axi_full2lite_wr_cntrl_default]
Compiling architecture behavioral of entity xil_defaultlib.axi_full2lite_rd_cntrl [axi_full2lite_rd_cntrl_default]
Compiling architecture behavioral of entity xil_defaultlib.axi_full2lite_converter [axi_full2lite_converter_default]
Compiling architecture design_1_axi_full2lite_conver_0_0_arch of entity xil_defaultlib.design_1_axi_full2lite_conver_0_0 [design_1_axi_full2lite_conver_0_...]
Compiling architecture behavioral of entity xil_defaultlib.bram [\bram(select_app="simb")(1,4)\]
Compiling architecture design_1_bram_0_0_arch of entity xil_defaultlib.design_1_bram_0_0 [design_1_bram_0_0_default]
Compiling architecture behavioral of entity xil_defaultlib.bram [\bram(select_app="main")(1,4)\]
Compiling architecture design_1_bram_1_0_arch of entity xil_defaultlib.design_1_bram_1_0 [design_1_bram_1_0_default]
Compiling module unisims_ver.IBUF
Compiling module unisims_ver.MMCME2_ADV(CLKFBOUT_MULT_F=30.87...
Compiling module unisims_ver.BUFG
Compiling module xil_defaultlib.design_1_clk_wiz_0_0_clk_wiz
Compiling module xil_defaultlib.design_1_clk_wiz_0_0
Compiling architecture behavioral of entity xil_defaultlib.cache_cntrl [\cache_cntrl(cache_way_width=0,c...]
Compiling architecture logic of entity xil_defaultlib.pc_next [pc_next_default]
Compiling architecture logic of entity xil_defaultlib.mem_ctrl [mem_ctrl_default]
Compiling architecture logic of entity xil_defaultlib.control [control_default]
Compiling architecture ram_block of entity xil_defaultlib.reg_bank [\reg_bank(memory_type="DUAL_PORT...]
Compiling architecture logic of entity xil_defaultlib.bus_mux [bus_mux_default]
Compiling architecture logic of entity xil_defaultlib.alu [\alu(1,7)\]
Compiling architecture logic of entity xil_defaultlib.shifter [\shifter(1,7)\]
Compiling architecture logic of entity xil_defaultlib.mult [\mult(1,7)\]
Compiling architecture logic of entity xil_defaultlib.pipeline [pipeline_default]
Compiling architecture logic of entity xil_defaultlib.mlite_cpu [\mlite_cpu(memory_type="DUAL_POR...]
Compiling architecture behavioral of entity xil_defaultlib.cpu_axi_wr_cntrl [\cpu_axi_wr_cntrl(cache_offset_w...]
Compiling architecture behavioral of entity xil_defaultlib.cpu_axi_rd_cntrl [\cpu_axi_rd_cntrl(cache_offset_w...]
Compiling architecture behavioral of entity xil_defaultlib.cpu [\cpu(shifter_type="DEFAULT",alu_...]
Compiling architecture design_1_cpu_0_0_arch of entity xil_defaultlib.design_1_cpu_0_0 [design_1_cpu_0_0_default]
Compiling architecture behavioral of entity xil_defaultlib.crossbar_axi_wr_cntrl [\crossbar_axi_wr_cntrl(axi_slave...]
Compiling architecture behavioral of entity xil_defaultlib.crossbar_axi_rd_cntrl [\crossbar_axi_rd_cntrl(axi_slave...]
Compiling architecture behavioral of entity xil_defaultlib.crossbar_base [\crossbar_base(width=1,input_no=...]
Compiling architecture behavioral of entity xil_defaultlib.crossbar_base [\crossbar_base(width=32,input_no...]
Compiling architecture behavioral of entity xil_defaultlib.crossbar_base [\crossbar_base(width=8,input_no=...]
Compiling architecture behavioral of entity xil_defaultlib.crossbar_base [\crossbar_base(width=3,input_no=...]
Compiling architecture behavioral of entity xil_defaultlib.crossbar_base [\crossbar_base(width=2,input_no=...]
Compiling architecture behavioral of entity xil_defaultlib.crossbar_base [\crossbar_base(width=4,input_no=...]
Compiling architecture behavioral of entity xil_defaultlib.crossbar_base [\crossbar_base(width=1,input_no=...]
Compiling architecture behavioral of entity xil_defaultlib.crossbar_base [\crossbar_base(width=0,input_no=...]
Compiling architecture behavioral of entity xil_defaultlib.crossbar_base [\crossbar_base(width=2,input_no=...]
Compiling architecture behavioral of entity xil_defaultlib.crossbar_base [\crossbar_base(width=32,input_no...]
Compiling architecture behavioral of entity xil_defaultlib.crossbar [\crossbar(axi_address_width=32,a...]
Compiling architecture behavioral of entity xil_defaultlib.crossbar_wrap [\crossbar_wrap(0,95)(0,95)\]
Compiling architecture design_1_crossbar_wrap_0_0_arch of entity xil_defaultlib.design_1_crossbar_wrap_0_0 [design_1_crossbar_wrap_0_0_defau...]
Compiling architecture fdre_v of entity unisim.FDRE [\FDRE(init='1')\]
Compiling architecture implementation of entity lib_cdc_v1_0_2.cdc_sync [\cdc_sync(c_vector_width=2,c_mtb...]
Compiling architecture srl16e_v of entity unisim.SRL16E [\SRL16E(init="1111111111111111")...]
Compiling architecture srl16_v of entity unisim.SRL16 [\SRL16(init="1111111111111111")(...]
Compiling architecture imp of entity proc_sys_reset_v5_0_13.lpf [\lpf(c_ext_rst_width=4,c_aux_rst...]
Compiling architecture imp of entity proc_sys_reset_v5_0_13.upcnt_n [\upcnt_n(c_size=6)\]
Compiling architecture imp of entity proc_sys_reset_v5_0_13.sequence_psr [sequence_psr_default]
Compiling architecture imp of entity proc_sys_reset_v5_0_13.proc_sys_reset [\proc_sys_reset(c_family="zynq",...]
Compiling architecture design_1_proc_sys_reset_0_0_arch of entity xil_defaultlib.design_1_proc_sys_reset_0_0 [design_1_proc_sys_reset_0_0_defa...]
Compiling architecture rtl of entity xil_defaultlib.uart_core [\uart_core(clock_frequency=49400...]
Compiling architecture rtl of entity xil_defaultlib.uart_fifo [\uart_fifo(fifo_width=8,fifo_dep...]
Compiling architecture behavioral of entity xil_defaultlib.uart_axi_wr_cntrl [\uart_axi_wr_cntrl(log_file="uar...]
Compiling architecture behavioral of entity xil_defaultlib.uart_axi_rd_cntrl [\uart_axi_rd_cntrl(axi_address_w...]
Compiling architecture behavioral of entity xil_defaultlib.uart [\uart(log_file="uart_output.txt"...]
Compiling architecture design_1_uart_0_0_arch of entity xil_defaultlib.design_1_uart_0_0 [design_1_uart_0_0_default]
Compiling architecture structure of entity xil_defaultlib.design_1 [design_1_default]
Compiling architecture structure of entity xil_defaultlib.design_1_wrapper [design_1_wrapper_default]
Compiling architecture behavioral of entity xil_defaultlib.testbench_vivado_1
Built simulation snapshot testbench_vivado_1_behav
run_program: Time (s): cpu = 00:00:00 ; elapsed = 00:00:08 . Memory (MB): peak = 1154.180 ; gain = 0.000
INFO: [USF-XSim-69] 'elaborate' step finished in '8' seconds
INFO: [USF-XSim-4] XSim::Simulate design
INFO: [USF-XSim-61] Executing 'SIMULATE' step in 'D:/PDP_baseline/PDP/sim/zynq_sim/zynq_sim.sim/sim_1/behav/xsim'
INFO: [USF-XSim-98] *** Running xsim
   with args "testbench_vivado_1_behav -key {Behavioral:sim_1:Functional:testbench_vivado_1} -tclbatch {testbench_vivado_1.tcl} -protoinst "protoinst_files/design_1.protoinst" -log {simulate.log}"
INFO: [USF-XSim-8] Loading simulator feature
Vivado Simulator 2019.2
INFO: [Wavedata 42-565] Reading protoinst file protoinst_files/design_1.protoinst
INFO: [Wavedata 42-564]   Found protocol instance at /testbench_vivado_1/design_1_wrapper_inst/design_1_i//axi_bram_ctrl_0/S_AXI
INFO: [Wavedata 42-564]   Found protocol instance at /testbench_vivado_1/design_1_wrapper_inst/design_1_i//axi_bram_ctrl_1/S_AXI
INFO: [Wavedata 42-564]   Found protocol instance at /testbench_vivado_1/design_1_wrapper_inst/design_1_i//axi_full2lite_conver_0/m_axi
INFO: [Wavedata 42-564]   Found protocol instance at /testbench_vivado_1/design_1_wrapper_inst/design_1_i//axi_full2lite_conver_0/s_axi
INFO: [Wavedata 42-564]   Found protocol instance at /testbench_vivado_1/design_1_wrapper_inst/design_1_i//cpu_0/axi
INFO: [Wavedata 42-564]   Found protocol instance at /testbench_vivado_1/design_1_wrapper_inst/design_1_i//crossbar_wrap_0/bram_m_axi
INFO: [Wavedata 42-564]   Found protocol instance at /testbench_vivado_1/design_1_wrapper_inst/design_1_i//crossbar_wrap_0/cpu_s_axi
INFO: [Wavedata 42-564]   Found protocol instance at /testbench_vivado_1/design_1_wrapper_inst/design_1_i//crossbar_wrap_0/ram_m_axi
INFO: [Wavedata 42-564]   Found protocol instance at /testbench_vivado_1/design_1_wrapper_inst/design_1_i//crossbar_wrap_0/uart_m_axi
INFO: [Wavedata 42-564]   Found protocol instance at /testbench_vivado_1/design_1_wrapper_inst/design_1_i//uart_0/axi
Time resolution is 1 ps
source testbench_vivado_1.tcl
# set curr_wave [current_wave_config]
# if { [string length $curr_wave] == 0 } {
#   if { [llength [get_objects]] > 0} {
#     add_wave /
#     set_property needs_save false [current_wave_config]
#   } else {
#      send_msg_id Add_Wave-1 WARNING "No top level signals found. Simulator will start without a wave window. If you want to open a wave window go to 'File->New Waveform Configuration' or type 'create_wave_config' in the TCL console."
#   }
# }
# run 1000ns
INFO: [USF-XSim-96] XSim completed. Design snapshot 'testbench_vivado_1_behav' loaded.
INFO: [USF-XSim-97] XSim simulation ran for 1000ns
launch_simulation: Time (s): cpu = 00:00:02 ; elapsed = 00:00:17 . Memory (MB): peak = 1157.133 ; gain = 2.953
run 36 ms
run: Time (s): cpu = 00:00:23 ; elapsed = 00:04:45 . Memory (MB): peak = 1165.102 ; gain = 6.426
close_sim
INFO: [Simtcl 6-16] Simulation closed
update_module_reference design_1_cpu_0_0
INFO: [IP_Flow 19-1976] HDL Parser: Replacing 'default_cache_way_width' by 0 for port or parameter 'cache_way_width'
INFO: [IP_Flow 19-1976] HDL Parser: Replacing 'default_cache_index_width' by 9 for port or parameter 'cache_index_width'
INFO: [IP_Flow 19-1976] HDL Parser: Replacing 'default_cache_offset_width' by 2 for port or parameter 'cache_offset_width'
INFO: [IP_Flow 19-1976] HDL Parser: Replacing 'default_cache_address_width' by 21 for port or parameter 'cache_address_width'
INFO: [IP_Flow 19-5107] Inferred bus interface 'axi' of definition 'xilinx.com:interface:aximm:1.0' (from Xilinx Repository).
INFO: [IP_Flow 19-5107] Inferred bus interface 'aresetn' of definition 'xilinx.com:signal:reset:1.0' (from Xilinx Repository).
INFO: [IP_Flow 19-5107] Inferred bus interface 'aclk' of definition 'xilinx.com:signal:clock:1.0' (from Xilinx Repository).
INFO: [IP_Flow 19-4728] Bus Interface 'aresetn': Added interface parameter 'POLARITY' with value 'ACTIVE_LOW'.
INFO: [IP_Flow 19-4728] Bus Interface 'aclk': Added interface parameter 'ASSOCIATED_BUSIF' with value 'axi'.
INFO: [IP_Flow 19-4728] Bus Interface 'aclk': Added interface parameter 'ASSOCIATED_RESET' with value 'aresetn'.
INFO: [IP_Flow 19-234] Refreshing IP repositories
INFO: [IP_Flow 19-1704] No user IP repositories specified
Upgrading 'D:/PDP_baseline/PDP/sim/zynq_sim/zynq_sim.srcs/sources_1/bd/design_1/design_1.bd'
INFO: [IP_Flow 19-1972] Upgraded design_1_cpu_0_0 from cpu_v1_0 1.0 to cpu_v1_0 1.0
Excluding slave segment /crossbar_wrap_0/cpu_s_axi/reg0 from address space /cpu_0/axi.
Wrote  : <D:\PDP_baseline\PDP\sim\zynq_sim\zynq_sim.srcs\sources_1\bd\design_1\design_1.bd> 
update_module_reference: Time (s): cpu = 00:00:01 ; elapsed = 00:00:07 . Memory (MB): peak = 1170.820 ; gain = 5.719
generate_target Simulation [get_files D:/PDP_baseline/PDP/sim/zynq_sim/zynq_sim.srcs/sources_1/bd/design_1/design_1.bd]
CRITICAL WARNING: [BD 41-1630] All slave segments accessible to address space </axi_full2lite_conver_0/m_axi> are excluded.
CRITICAL WARNING: [BD 41-1630] All slave segments accessible to address space </cpu_0/axi> are excluded.
WARNING: [xilinx.com:ip:axi_bram_ctrl:4.1-1] /axi_bram_ctrl_1: PORT /axi_bram_ctrl_1/BRAM_PORTA is UNCONNECTED in the design. Leaving the BRAM interface unconnected will cause BRAMs not to be initialized by Data2Mem
WARNING: [xilinx.com:ip:axi_bram_ctrl:4.1-1] /axi_bram_ctrl_0: PORT /axi_bram_ctrl_0/BRAM_PORTA is UNCONNECTED in the design. Leaving the BRAM interface unconnected will cause BRAMs not to be initialized by Data2Mem
WARNING: [BD 41-927] Following properties on pin /crossbar_wrap_0/aclk have been updated from connected ip. They may not be synchronized with cell properties. You can set property on pin directly to confirm the value and resolve the warning.
	PHASE=0.0 
WARNING: [BD 41-927] Following properties on pin /axi_full2lite_conver_0/aclk have been updated from connected ip. They may not be synchronized with cell properties. You can set property on pin directly to confirm the value and resolve the warning.
	PHASE=0.0 
WARNING: [BD 41-927] Following properties on pin /uart_0/aclk have been updated from connected ip. They may not be synchronized with cell properties. You can set property on pin directly to confirm the value and resolve the warning.
	PHASE=0.0 
WARNING: [BD 41-927] Following properties on pin /cpu_0/aclk have been updated from connected ip. They may not be synchronized with cell properties. You can set property on pin directly to confirm the value and resolve the warning.
	PHASE=0.0 
Wrote  : <D:\PDP_baseline\PDP\sim\zynq_sim\zynq_sim.srcs\sources_1\bd\design_1\design_1.bd> 
CRITICAL WARNING: [BD 41-1228] Width mismatch when connecting input pin '/bram_1/bram_addr_a'(13) to net 'axi_bram_ctrl_1_bram_addr_a'(25) - Only lower order bits will be connected, and other input bits of this pin will be left unconnected.
VHDL Output written to : D:/PDP_baseline/PDP/sim/zynq_sim/zynq_sim.srcs/sources_1/bd/design_1/synth/design_1.vhd
CRITICAL WARNING: [BD 41-1228] Width mismatch when connecting input pin '/bram_1/bram_addr_a'(13) to net 'axi_bram_ctrl_1_bram_addr_a'(25) - Only lower order bits will be connected, and other input bits of this pin will be left unconnected.
VHDL Output written to : D:/PDP_baseline/PDP/sim/zynq_sim/zynq_sim.srcs/sources_1/bd/design_1/sim/design_1.vhd
VHDL Output written to : D:/PDP_baseline/PDP/sim/zynq_sim/zynq_sim.srcs/sources_1/bd/design_1/hdl/design_1_wrapper.vhd
INFO: [BD 41-1029] Generation completed for the IP Integrator block clk_wiz_0 .
INFO: [BD 41-1029] Generation completed for the IP Integrator block proc_sys_reset_0 .
INFO: [BD 41-1029] Generation completed for the IP Integrator block cpu_0 .
INFO: [BD 41-1029] Generation completed for the IP Integrator block crossbar_wrap_0 .
INFO: [BD 41-1029] Generation completed for the IP Integrator block axi_full2lite_conver_0 .
INFO: [BD 41-1029] Generation completed for the IP Integrator block uart_0 .
INFO: [BD 41-1029] Generation completed for the IP Integrator block bram_0 .
INFO: [BD 41-1029] Generation completed for the IP Integrator block bram_1 .
INFO: [BD 41-1029] Generation completed for the IP Integrator block axi_bram_ctrl_0 .
INFO: [BD 41-1029] Generation completed for the IP Integrator block axi_bram_ctrl_1 .
Exporting to file D:/PDP_baseline/PDP/sim/zynq_sim/zynq_sim.srcs/sources_1/bd/design_1/hw_handoff/design_1.hwh
Generated Block Design Tcl file D:/PDP_baseline/PDP/sim/zynq_sim/zynq_sim.srcs/sources_1/bd/design_1/hw_handoff/design_1_bd.tcl
Generated Hardware Definition File D:/PDP_baseline/PDP/sim/zynq_sim/zynq_sim.srcs/sources_1/bd/design_1/synth/design_1.hwdef
export_ip_user_files -of_objects [get_files D:/PDP_baseline/PDP/sim/zynq_sim/zynq_sim.srcs/sources_1/bd/design_1/design_1.bd] -no_script -sync -force -quiet
export_simulation -of_objects [get_files D:/PDP_baseline/PDP/sim/zynq_sim/zynq_sim.srcs/sources_1/bd/design_1/design_1.bd] -directory D:/PDP_baseline/PDP/sim/zynq_sim/zynq_sim.ip_user_files/sim_scripts -ip_user_files_dir D:/PDP_baseline/PDP/sim/zynq_sim/zynq_sim.ip_user_files -ipstatic_source_dir D:/PDP_baseline/PDP/sim/zynq_sim/zynq_sim.ip_user_files/ipstatic -lib_map_path [list {modelsim=D:/PDP_baseline/PDP/sim/zynq_sim/zynq_sim.cache/compile_simlib/modelsim} {questa=D:/PDP_baseline/PDP/sim/zynq_sim/zynq_sim.cache/compile_simlib/questa} {riviera=D:/PDP_baseline/PDP/sim/zynq_sim/zynq_sim.cache/compile_simlib/riviera} {activehdl=D:/PDP_baseline/PDP/sim/zynq_sim/zynq_sim.cache/compile_simlib/activehdl}] -use_ip_compiled_libs -force -quiet
launch_simulation
Command: launch_simulation 
INFO: [Vivado 12-5682] Launching behavioral simulation in 'D:/PDP_baseline/PDP/sim/zynq_sim/zynq_sim.sim/sim_1/behav/xsim'
INFO: [Vivado 12-4795] Using compiled simulation libraries for IPs
INFO: [SIM-utils-51] Simulation object is 'sim_1'
INFO: [USF-XSim-7] Finding pre-compiled libraries...
INFO: [USF-XSim-11] File 'D:/Xilinx/Vivado/2019.2/data/xsim/xsim.ini' copied to run dir:'D:/PDP_baseline/PDP/sim/zynq_sim/zynq_sim.sim/sim_1/behav/xsim'
INFO: [SIM-utils-54] Inspecting design source files for 'testbench_vivado_1' in fileset 'sim_1'...
INFO: [USF-XSim-97] Finding global include files...
INFO: [USF-XSim-98] Fetching design files from 'sim_1'...
INFO: [USF-XSim-2] XSim::Compile design
INFO: [USF-XSim-61] Executing 'COMPILE and ANALYZE' step in 'D:/PDP_baseline/PDP/sim/zynq_sim/zynq_sim.sim/sim_1/behav/xsim'
"xvlog --incr --relax -prj testbench_vivado_1_vlog.prj"
"xvhdl --incr --relax -prj testbench_vivado_1_vhdl.prj"
INFO: [VRFC 10-163] Analyzing VHDL file "D:/PDP_baseline/PDP/rtl/mlite/mult.vhd" into library xil_defaultlib
INFO: [VRFC 10-3107] analyzing entity 'mult'
INFO: [VRFC 10-163] Analyzing VHDL file "D:/PDP_baseline/PDP/sim/zynq_sim/zynq_sim.ip_user_files/bd/design_1/ip/design_1_cpu_0_0/sim/design_1_cpu_0_0.vhd" into library xil_defaultlib
INFO: [VRFC 10-3107] analyzing entity 'design_1_cpu_0_0'
INFO: [VRFC 10-163] Analyzing VHDL file "D:/PDP_baseline/PDP/sim/zynq_sim/zynq_sim.ip_user_files/bd/design_1/sim/design_1.vhd" into library xil_defaultlib
INFO: [VRFC 10-3107] analyzing entity 'design_1'
INFO: [VRFC 10-163] Analyzing VHDL file "D:/PDP_baseline/PDP/sim/zynq_sim/zynq_sim.srcs/sources_1/bd/design_1/hdl/design_1_wrapper.vhd" into library xil_defaultlib
INFO: [VRFC 10-3107] analyzing entity 'design_1_wrapper'
INFO: [USF-XSim-69] 'compile' step finished in '2' seconds
INFO: [USF-XSim-3] XSim::Elaborate design
INFO: [USF-XSim-61] Executing 'ELABORATE' step in 'D:/PDP_baseline/PDP/sim/zynq_sim/zynq_sim.sim/sim_1/behav/xsim'
"xelab -wto 031034dadac84d16b9a98eedefd0beab --incr --debug typical --relax --mt 2 -L xil_defaultlib -L lib_cdc_v1_0_2 -L proc_sys_reset_v5_0_13 -L axi_bram_ctrl_v4_1_2 -L unisims_ver -L unimacro_ver -L secureip -L xpm --snapshot testbench_vivado_1_behav xil_defaultlib.testbench_vivado_1 xil_defaultlib.glbl -log elaborate.log"
Vivado Simulator 2019.2
Copyright 1986-1999, 2001-2019 Xilinx, Inc. All Rights Reserved.
Running: D:/Xilinx/Vivado/2019.2/bin/unwrapped/win64.o/xelab.exe -wto 031034dadac84d16b9a98eedefd0beab --incr --debug typical --relax --mt 2 -L xil_defaultlib -L lib_cdc_v1_0_2 -L proc_sys_reset_v5_0_13 -L axi_bram_ctrl_v4_1_2 -L unisims_ver -L unimacro_ver -L secureip -L xpm --snapshot testbench_vivado_1_behav xil_defaultlib.testbench_vivado_1 xil_defaultlib.glbl -log elaborate.log 
Using 2 slave threads.
Starting static elaboration
Pass Through NonSizing Optimizer
Completed static elaboration
Starting simulation data flow analysis
Completed simulation data flow analysis
Time Resolution for simulation is 1ps
Compiling package std.standard
Compiling package std.textio
Compiling package ieee.std_logic_1164
Compiling package ieee.numeric_std
Compiling package unisim.vcomponents
Compiling package ieee.std_logic_arith
Compiling package xpm.vcomponents
Compiling package axi_bram_ctrl_v4_1_2.axi_bram_ctrl_funcs
Compiling package ieee.vital_timing
Compiling package ieee.vital_primitives
Compiling package unisim.vpkg
Compiling package xil_defaultlib.axi_full2lite_converter_pack
Compiling package ieee.std_logic_unsigned
Compiling package xil_defaultlib.boot_pack_zynq
Compiling package xil_defaultlib.boot_pack_zynq_sim
Compiling package xil_defaultlib.main_pack_opcodes
Compiling package xil_defaultlib.mlite_pack
Compiling package xil_defaultlib.cpu_pack
Compiling package synopsys.attributes
Compiling package ieee.std_logic_misc
Compiling package xil_defaultlib.crossbar_pack
Compiling package xil_defaultlib.crossbar_wrap_pack
Compiling package xil_defaultlib.uart_pack
Compiling package ieee.std_logic_textio
Compiling package vl.vl_types
Compiling module xil_defaultlib.glbl
Compiling architecture implementation of entity axi_bram_ctrl_v4_1_2.sng_port_arb [\sng_port_arb(c_s_axi_addr_width...]
Compiling architecture implementation of entity axi_bram_ctrl_v4_1_2.ua_narrow [\ua_narrow(c_bram_addr_adjust_fa...]
Compiling architecture implementation of entity axi_bram_ctrl_v4_1_2.wrap_brst [\wrap_brst(c_axi_addr_width=13,c...]
Compiling architecture muxcy_v of entity unisim.MUXCY [muxcy_default]
Compiling architecture muxcy_l_v of entity unisim.MUXCY_L [muxcy_l_default]
Compiling architecture xorcy_v of entity unisim.XORCY [xorcy_default]
Compiling architecture srl16e_v of entity unisim.SRL16E [\SRL16E(0,15)\]
Compiling architecture fdre_v of entity unisim.FDRE [fdre_default]
Compiling architecture fdr_v of entity unisim.FDR [fdr_default]
Compiling architecture imp of entity axi_bram_ctrl_v4_1_2.SRL_FIFO [\SRL_FIFO(c_data_bits=1,c_depth=...]
Compiling architecture implementation of entity axi_bram_ctrl_v4_1_2.wr_chnl [\wr_chnl(c_axi_addr_width=13,c_a...]
Compiling architecture implementation of entity axi_bram_ctrl_v4_1_2.rd_chnl [\rd_chnl(c_axi_addr_width=13,c_a...]
Compiling architecture implementation of entity axi_bram_ctrl_v4_1_2.full_axi [\full_axi(c_s_axi_addr_width=13,...]
Compiling architecture implementation of entity axi_bram_ctrl_v4_1_2.axi_bram_ctrl_top [\axi_bram_ctrl_top(c_bram_addr_w...]
Compiling architecture implementation of entity axi_bram_ctrl_v4_1_2.axi_bram_ctrl [\axi_bram_ctrl(c_memory_depth=20...]
Compiling architecture design_1_axi_bram_ctrl_0_1_arch of entity xil_defaultlib.design_1_axi_bram_ctrl_0_1 [design_1_axi_bram_ctrl_0_1_defau...]
Compiling architecture implementation of entity axi_bram_ctrl_v4_1_2.sng_port_arb [\sng_port_arb(c_s_axi_addr_width...]
Compiling architecture implementation of entity axi_bram_ctrl_v4_1_2.wrap_brst [\wrap_brst(c_axi_addr_width=25,c...]
Compiling architecture implementation of entity axi_bram_ctrl_v4_1_2.wr_chnl [\wr_chnl(c_axi_addr_width=25,c_a...]
Compiling architecture implementation of entity axi_bram_ctrl_v4_1_2.rd_chnl [\rd_chnl(c_axi_addr_width=25,c_a...]
Compiling architecture implementation of entity axi_bram_ctrl_v4_1_2.full_axi [\full_axi(c_s_axi_addr_width=25,...]
Compiling architecture implementation of entity axi_bram_ctrl_v4_1_2.axi_bram_ctrl_top [\axi_bram_ctrl_top(c_bram_addr_w...]
Compiling architecture implementation of entity axi_bram_ctrl_v4_1_2.axi_bram_ctrl [\axi_bram_ctrl(c_memory_depth=83...]
Compiling architecture design_1_axi_bram_ctrl_1_1_arch of entity xil_defaultlib.design_1_axi_bram_ctrl_1_1 [design_1_axi_bram_ctrl_1_1_defau...]
Compiling architecture behavioral of entity xil_defaultlib.axi_full2lite_wr_cntrl [axi_full2lite_wr_cntrl_default]
Compiling architecture behavioral of entity xil_defaultlib.axi_full2lite_rd_cntrl [axi_full2lite_rd_cntrl_default]
Compiling architecture behavioral of entity xil_defaultlib.axi_full2lite_converter [axi_full2lite_converter_default]
Compiling architecture design_1_axi_full2lite_conver_0_0_arch of entity xil_defaultlib.design_1_axi_full2lite_conver_0_0 [design_1_axi_full2lite_conver_0_...]
Compiling architecture behavioral of entity xil_defaultlib.bram [\bram(select_app="simb")(1,4)\]
Compiling architecture design_1_bram_0_0_arch of entity xil_defaultlib.design_1_bram_0_0 [design_1_bram_0_0_default]
Compiling architecture behavioral of entity xil_defaultlib.bram [\bram(select_app="main")(1,4)\]
Compiling architecture design_1_bram_1_0_arch of entity xil_defaultlib.design_1_bram_1_0 [design_1_bram_1_0_default]
Compiling module unisims_ver.IBUF
Compiling module unisims_ver.MMCME2_ADV(CLKFBOUT_MULT_F=30.87...
Compiling module unisims_ver.BUFG
Compiling module xil_defaultlib.design_1_clk_wiz_0_0_clk_wiz
Compiling module xil_defaultlib.design_1_clk_wiz_0_0
Compiling architecture behavioral of entity xil_defaultlib.cache_cntrl [\cache_cntrl(cache_way_width=0,c...]
Compiling architecture logic of entity xil_defaultlib.pc_next [pc_next_default]
Compiling architecture logic of entity xil_defaultlib.mem_ctrl [mem_ctrl_default]
Compiling architecture logic of entity xil_defaultlib.control [control_default]
Compiling architecture ram_block of entity xil_defaultlib.reg_bank [\reg_bank(memory_type="DUAL_PORT...]
Compiling architecture logic of entity xil_defaultlib.bus_mux [bus_mux_default]
Compiling architecture logic of entity xil_defaultlib.alu [\alu(1,7)\]
Compiling architecture logic of entity xil_defaultlib.shifter [\shifter(1,7)\]
Compiling architecture logic of entity xil_defaultlib.mult [\mult(1,7)\]
Compiling architecture logic of entity xil_defaultlib.pipeline [pipeline_default]
Compiling architecture logic of entity xil_defaultlib.mlite_cpu [\mlite_cpu(memory_type="DUAL_POR...]
Compiling architecture behavioral of entity xil_defaultlib.cpu_axi_wr_cntrl [\cpu_axi_wr_cntrl(cache_offset_w...]
Compiling architecture behavioral of entity xil_defaultlib.cpu_axi_rd_cntrl [\cpu_axi_rd_cntrl(cache_offset_w...]
Compiling architecture behavioral of entity xil_defaultlib.cpu [\cpu(shifter_type="DEFAULT",alu_...]
Compiling architecture design_1_cpu_0_0_arch of entity xil_defaultlib.design_1_cpu_0_0 [design_1_cpu_0_0_default]
Compiling architecture behavioral of entity xil_defaultlib.crossbar_axi_wr_cntrl [\crossbar_axi_wr_cntrl(axi_slave...]
Compiling architecture behavioral of entity xil_defaultlib.crossbar_axi_rd_cntrl [\crossbar_axi_rd_cntrl(axi_slave...]
Compiling architecture behavioral of entity xil_defaultlib.crossbar_base [\crossbar_base(width=1,input_no=...]
Compiling architecture behavioral of entity xil_defaultlib.crossbar_base [\crossbar_base(width=32,input_no...]
Compiling architecture behavioral of entity xil_defaultlib.crossbar_base [\crossbar_base(width=8,input_no=...]
Compiling architecture behavioral of entity xil_defaultlib.crossbar_base [\crossbar_base(width=3,input_no=...]
Compiling architecture behavioral of entity xil_defaultlib.crossbar_base [\crossbar_base(width=2,input_no=...]
Compiling architecture behavioral of entity xil_defaultlib.crossbar_base [\crossbar_base(width=4,input_no=...]
Compiling architecture behavioral of entity xil_defaultlib.crossbar_base [\crossbar_base(width=1,input_no=...]
Compiling architecture behavioral of entity xil_defaultlib.crossbar_base [\crossbar_base(width=0,input_no=...]
Compiling architecture behavioral of entity xil_defaultlib.crossbar_base [\crossbar_base(width=2,input_no=...]
Compiling architecture behavioral of entity xil_defaultlib.crossbar_base [\crossbar_base(width=32,input_no...]
Compiling architecture behavioral of entity xil_defaultlib.crossbar [\crossbar(axi_address_width=32,a...]
Compiling architecture behavioral of entity xil_defaultlib.crossbar_wrap [\crossbar_wrap(0,95)(0,95)\]
Compiling architecture design_1_crossbar_wrap_0_0_arch of entity xil_defaultlib.design_1_crossbar_wrap_0_0 [design_1_crossbar_wrap_0_0_defau...]
Compiling architecture fdre_v of entity unisim.FDRE [\FDRE(init='1')\]
Compiling architecture implementation of entity lib_cdc_v1_0_2.cdc_sync [\cdc_sync(c_vector_width=2,c_mtb...]
Compiling architecture srl16e_v of entity unisim.SRL16E [\SRL16E(init="1111111111111111")...]
Compiling architecture srl16_v of entity unisim.SRL16 [\SRL16(init="1111111111111111")(...]
Compiling architecture imp of entity proc_sys_reset_v5_0_13.lpf [\lpf(c_ext_rst_width=4,c_aux_rst...]
Compiling architecture imp of entity proc_sys_reset_v5_0_13.upcnt_n [\upcnt_n(c_size=6)\]
Compiling architecture imp of entity proc_sys_reset_v5_0_13.sequence_psr [sequence_psr_default]
Compiling architecture imp of entity proc_sys_reset_v5_0_13.proc_sys_reset [\proc_sys_reset(c_family="zynq",...]
Compiling architecture design_1_proc_sys_reset_0_0_arch of entity xil_defaultlib.design_1_proc_sys_reset_0_0 [design_1_proc_sys_reset_0_0_defa...]
Compiling architecture rtl of entity xil_defaultlib.uart_core [\uart_core(clock_frequency=49400...]
Compiling architecture rtl of entity xil_defaultlib.uart_fifo [\uart_fifo(fifo_width=8,fifo_dep...]
Compiling architecture behavioral of entity xil_defaultlib.uart_axi_wr_cntrl [\uart_axi_wr_cntrl(log_file="uar...]
Compiling architecture behavioral of entity xil_defaultlib.uart_axi_rd_cntrl [\uart_axi_rd_cntrl(axi_address_w...]
Compiling architecture behavioral of entity xil_defaultlib.uart [\uart(log_file="uart_output.txt"...]
Compiling architecture design_1_uart_0_0_arch of entity xil_defaultlib.design_1_uart_0_0 [design_1_uart_0_0_default]
Compiling architecture structure of entity xil_defaultlib.design_1 [design_1_default]
Compiling architecture structure of entity xil_defaultlib.design_1_wrapper [design_1_wrapper_default]
Compiling architecture behavioral of entity xil_defaultlib.testbench_vivado_1
Built simulation snapshot testbench_vivado_1_behav
run_program: Time (s): cpu = 00:00:00 ; elapsed = 00:00:08 . Memory (MB): peak = 1170.820 ; gain = 0.000
INFO: [USF-XSim-69] 'elaborate' step finished in '7' seconds
INFO: [USF-XSim-4] XSim::Simulate design
INFO: [USF-XSim-61] Executing 'SIMULATE' step in 'D:/PDP_baseline/PDP/sim/zynq_sim/zynq_sim.sim/sim_1/behav/xsim'
INFO: [USF-XSim-98] *** Running xsim
   with args "testbench_vivado_1_behav -key {Behavioral:sim_1:Functional:testbench_vivado_1} -tclbatch {testbench_vivado_1.tcl} -protoinst "protoinst_files/design_1.protoinst" -log {simulate.log}"
INFO: [USF-XSim-8] Loading simulator feature
Vivado Simulator 2019.2
INFO: [Wavedata 42-565] Reading protoinst file protoinst_files/design_1.protoinst
INFO: [Wavedata 42-564]   Found protocol instance at /testbench_vivado_1/design_1_wrapper_inst/design_1_i//axi_bram_ctrl_0/S_AXI
INFO: [Wavedata 42-564]   Found protocol instance at /testbench_vivado_1/design_1_wrapper_inst/design_1_i//axi_bram_ctrl_1/S_AXI
INFO: [Wavedata 42-564]   Found protocol instance at /testbench_vivado_1/design_1_wrapper_inst/design_1_i//axi_full2lite_conver_0/m_axi
INFO: [Wavedata 42-564]   Found protocol instance at /testbench_vivado_1/design_1_wrapper_inst/design_1_i//axi_full2lite_conver_0/s_axi
INFO: [Wavedata 42-564]   Found protocol instance at /testbench_vivado_1/design_1_wrapper_inst/design_1_i//cpu_0/axi
INFO: [Wavedata 42-564]   Found protocol instance at /testbench_vivado_1/design_1_wrapper_inst/design_1_i//crossbar_wrap_0/bram_m_axi
INFO: [Wavedata 42-564]   Found protocol instance at /testbench_vivado_1/design_1_wrapper_inst/design_1_i//crossbar_wrap_0/cpu_s_axi
INFO: [Wavedata 42-564]   Found protocol instance at /testbench_vivado_1/design_1_wrapper_inst/design_1_i//crossbar_wrap_0/ram_m_axi
INFO: [Wavedata 42-564]   Found protocol instance at /testbench_vivado_1/design_1_wrapper_inst/design_1_i//crossbar_wrap_0/uart_m_axi
INFO: [Wavedata 42-564]   Found protocol instance at /testbench_vivado_1/design_1_wrapper_inst/design_1_i//uart_0/axi
Time resolution is 1 ps
source testbench_vivado_1.tcl
# set curr_wave [current_wave_config]
# if { [string length $curr_wave] == 0 } {
#   if { [llength [get_objects]] > 0} {
#     add_wave /
#     set_property needs_save false [current_wave_config]
#   } else {
#      send_msg_id Add_Wave-1 WARNING "No top level signals found. Simulator will start without a wave window. If you want to open a wave window go to 'File->New Waveform Configuration' or type 'create_wave_config' in the TCL console."
#   }
# }
# run 1000ns
INFO: [USF-XSim-96] XSim completed. Design snapshot 'testbench_vivado_1_behav' loaded.
INFO: [USF-XSim-97] XSim simulation ran for 1000ns
launch_simulation: Time (s): cpu = 00:00:01 ; elapsed = 00:00:17 . Memory (MB): peak = 1170.820 ; gain = 0.000
run 36 ms
run: Time (s): cpu = 00:00:19 ; elapsed = 00:04:39 . Memory (MB): peak = 1170.820 ; gain = 0.000
close_sim
INFO: [Simtcl 6-16] Simulation closed
exit
INFO: [Common 17-206] Exiting Vivado at Wed Jun  3 17:17:22 2020...
